<?xml version="1.0" encoding="UTF-8"?>
<testsuites name="Mobile test suite" time="710.525" tests="18" failures="0" errors="1">
   <testsuite name="Mobile test suite" tests="18" failures="0" errors="1" time="710.525" skipped="0" timestamp="2022-07-27 16:03:08" hostname="mkapuscinska - host.docker.internal" id="Test Suites/Mobile test suite">
      <properties>
         <property name="deviceName" value=""/>
         <property name="devicePlatform" value=""/>
         <property name="logFolder" value="C:\\projects\\Katalon\\rainbow_test_suite\\Reports\\20220727_160306\\Mobile test suite\\20220727_160306"/>
         <property name="logFiles" value="C:\\projects\\Katalon\\rainbow_test_suite\\Reports\\20220727_160306\\Mobile test suite\\20220727_160306\\execution0.log"/>
         <property name="attachments" value=""/>
         <property name="hostName" value="mkapuscinska - host.docker.internal"/>
         <property name="os" value="Windows 10 64bit"/>
         <property name="katalonVersion" value="8.4.0.208"/>
         <property name="browser" value="Chrome 90.0.4430.91"/>
         <property name="hostAddress" value="192.168.1.27"/>
         <property name="sessionId" value="3dd5f621eef20617a7f85b4633d902c4"/>
         <property name="seleniumVersion" value="3.141.59"/>
         <property name="proxyInformation" value="ProxyInformation { proxyOption=NO_PROXY, proxyServerType=HTTP, username=, password=********, proxyServerAddress=, proxyServerPort=0, executionList=&quot;&quot;, isApplyToDesiredCapabilities=true }"/>
         <property name="platform" value="Windows 10"/>
      </properties>
      <testcase name="Test Cases/Mobile Tests/Results/popularne-refresh-mobile" time="1.239" classname="Test Cases/Mobile Tests/Results/popularne-refresh-mobile" status="ERROR">
         <error type="ERROR" message="Test Cases/Mobile Tests/Results/popularne-refresh-mobile FAILED.
Reason:
org.openqa.selenium.InvalidArgumentException: invalid argument
  (Session info: chrome=103.0.5060.134)
Build info: version: '3.141.59', revision: 'e82be7d358', time: '2018-11-14T08:25:53'
System info: host: 'BH-N002', ip: '192.168.1.27', os.name: 'Windows 10', os.arch: 'amd64', os.version: '10.0', java.version: '1.8.0_282'
Driver info: org.openqa.selenium.chrome.ChromeDriver
Capabilities {acceptInsecureCerts: false, browserName: chrome, browserVersion: 103.0.5060.134, chrome: {chromedriverVersion: 103.0.5060.134 (8ec6fce403b..., userDataDir: C:\Users\MKAPUS~1\AppData\L...}, goog:chromeOptions: {debuggerAddress: localhost:52984}, javascriptEnabled: true, networkConnectionEnabled: false, pageLoadStrategy: normal, platform: WINDOWS, platformName: WINDOWS, proxy: Proxy(), setWindowRect: true, strictFileInteractability: false, timeouts: {implicit: 0, pageLoad: 300000, script: 30000}, unhandledPromptBehavior: dismiss and notify, webauthn:extension:credBlob: true, webauthn:extension:largeBlob: true, webauthn:virtualAuthenticators: true}
Session ID: f7d11353c69c666f343f1a120b6494c3
	at org.openqa.selenium.remote.http.W3CHttpResponseCodec.createException(W3CHttpResponseCodec.java:187)
	at org.openqa.selenium.remote.http.W3CHttpResponseCodec.decode(W3CHttpResponseCodec.java:122)
	at org.openqa.selenium.remote.http.W3CHttpResponseCodec.decode(W3CHttpResponseCodec.java:49)
	at org.openqa.selenium.remote.HttpCommandExecutor.execute(HttpCommandExecutor.java:158)
	at org.openqa.selenium.remote.service.DriverCommandExecutor.execute(DriverCommandExecutor.java:83)
	at org.openqa.selenium.remote.RemoteWebDriver.execute(RemoteWebDriver.java:552)
	at org.openqa.selenium.remote.RemoteWebDriver.get(RemoteWebDriver.java:277)
	at org.openqa.selenium.remote.RemoteWebDriver$RemoteNavigation.to(RemoteWebDriver.java:857)
	at org.openqa.selenium.WebDriver$Navigation$to.call(Unknown Source)
	at popularne-refresh-mobile.run(popularne-refresh-mobile:38)
	at com.kms.katalon.core.main.ScriptEngine.run(ScriptEngine.java:194)
	at com.kms.katalon.core.main.ScriptEngine.runScriptAsRawText(ScriptEngine.java:119)
	at com.kms.katalon.core.main.TestCaseExecutor.runScript(TestCaseExecutor.java:445)
	at com.kms.katalon.core.main.TestCaseExecutor.doExecute(TestCaseExecutor.java:436)
	at com.kms.katalon.core.main.TestCaseExecutor.processExecutionPhase(TestCaseExecutor.java:415)
	at com.kms.katalon.core.main.TestCaseExecutor.accessMainPhase(TestCaseExecutor.java:407)
	at com.kms.katalon.core.main.TestCaseExecutor.execute(TestCaseExecutor.java:284)
	at com.kms.katalon.core.main.TestCaseExecutor.execute(TestCaseExecutor.java:366)
	at com.kms.katalon.core.main.TestCaseExecutor.execute(TestCaseExecutor.java:366)
	at com.kms.katalon.core.main.TestCaseExecutor.execute(TestCaseExecutor.java:366)
	at com.kms.katalon.core.common.CommonExecutor.accessTestCaseMainPhase(CommonExecutor.java:65)
	at com.kms.katalon.core.main.TestSuiteExecutor.accessTestSuiteMainPhase(TestSuiteExecutor.java:144)
	at com.kms.katalon.core.main.TestSuiteExecutor.execute(TestSuiteExecutor.java:106)
	at com.kms.katalon.core.main.TestCaseMain.startTestSuite(TestCaseMain.java:185)
	at com.kms.katalon.core.main.TestCaseMain$startTestSuite$0.call(Unknown Source)
	at TempTestSuite1658930586090.run(TempTestSuite1658930586090.groovy:36)
"/>
         <system-out><![CDATA[2022-07-27 16:03:13 - [TEST_CASE][ERROR] - Test Cases/Mobile Tests/Results/popularne-refresh-mobile: Test Cases/Mobile Tests/Results/popularne-refresh-mobile FAILED.
Reason:
org.openqa.selenium.InvalidArgumentException: invalid argument
  (Session info: chrome=103.0.5060.134)
Build info: version: '3.141.59', revision: 'e82be7d358', time: '2018-11-14T08:25:53'
System info: host: 'BH-N002', ip: '192.168.1.27', os.name: 'Windows 10', os.arch: 'amd64', os.version: '10.0', java.version: '1.8.0_282'
Driver info: org.openqa.selenium.chrome.ChromeDriver
Capabilities {acceptInsecureCerts: false, browserName: chrome, browserVersion: 103.0.5060.134, chrome: {chromedriverVersion: 103.0.5060.134 (8ec6fce403b..., userDataDir: C:\Users\MKAPUS~1\AppData\L...}, goog:chromeOptions: {debuggerAddress: localhost:52984}, javascriptEnabled: true, networkConnectionEnabled: false, pageLoadStrategy: normal, platform: WINDOWS, platformName: WINDOWS, proxy: Proxy(), setWindowRect: true, strictFileInteractability: false, timeouts: {implicit: 0, pageLoad: 300000, script: 30000}, unhandledPromptBehavior: dismiss and notify, webauthn:extension:credBlob: true, webauthn:extension:largeBlob: true, webauthn:virtualAuthenticators: true}
Session ID: f7d11353c69c666f343f1a120b6494c3
	at org.openqa.selenium.remote.http.W3CHttpResponseCodec.createException(W3CHttpResponseCodec.java:187)
	at org.openqa.selenium.remote.http.W3CHttpResponseCodec.decode(W3CHttpResponseCodec.java:122)
	at org.openqa.selenium.remote.http.W3CHttpResponseCodec.decode(W3CHttpResponseCodec.java:49)
	at org.openqa.selenium.remote.HttpCommandExecutor.execute(HttpCommandExecutor.java:158)
	at org.openqa.selenium.remote.service.DriverCommandExecutor.execute(DriverCommandExecutor.java:83)
	at org.openqa.selenium.remote.RemoteWebDriver.execute(RemoteWebDriver.java:552)
	at org.openqa.selenium.remote.RemoteWebDriver.get(RemoteWebDriver.java:277)
	at org.openqa.selenium.remote.RemoteWebDriver$RemoteNavigation.to(RemoteWebDriver.java:857)
	at org.openqa.selenium.WebDriver$Navigation$to.call(Unknown Source)
	at popularne-refresh-mobile.run(popularne-refresh-mobile:38)
	at com.kms.katalon.core.main.ScriptEngine.run(ScriptEngine.java:194)
	at com.kms.katalon.core.main.ScriptEngine.runScriptAsRawText(ScriptEngine.java:119)
	at com.kms.katalon.core.main.TestCaseExecutor.runScript(TestCaseExecutor.java:445)
	at com.kms.katalon.core.main.TestCaseExecutor.doExecute(TestCaseExecutor.java:436)
	at com.kms.katalon.core.main.TestCaseExecutor.processExecutionPhase(TestCaseExecutor.java:415)
	at com.kms.katalon.core.main.TestCaseExecutor.accessMainPhase(TestCaseExecutor.java:407)
	at com.kms.katalon.core.main.TestCaseExecutor.execute(TestCaseExecutor.java:284)
	at com.kms.katalon.core.main.TestCaseExecutor.execute(TestCaseExecutor.java:366)
	at com.kms.katalon.core.main.TestCaseExecutor.execute(TestCaseExecutor.java:366)
	at com.kms.katalon.core.main.TestCaseExecutor.execute(TestCaseExecutor.java:366)
	at com.kms.katalon.core.common.CommonExecutor.accessTestCaseMainPhase(CommonExecutor.java:65)
	at com.kms.katalon.core.main.TestSuiteExecutor.accessTestSuiteMainPhase(TestSuiteExecutor.java:144)
	at com.kms.katalon.core.main.TestSuiteExecutor.execute(TestSuiteExecutor.java:106)
	at com.kms.katalon.core.main.TestCaseMain.startTestSuite(TestCaseMain.java:185)
	at com.kms.katalon.core.main.TestCaseMain$startTestSuite$0.call(Unknown Source)
	at TempTestSuite1658930586090.run(TempTestSuite1658930586090.groovy:36)


2022-07-27 16:03:13 - [TEST_STEP][PASSED] - System.setProperty("webdriver.chrome.driver", getChromeDriverPath()): null

2022-07-27 16:03:13 - [TEST_STEP][PASSED] - mobileEmulation = new java.util.HashMap(): null

2022-07-27 16:03:13 - [TEST_STEP][PASSED] - mobileEmulation.put("deviceName", mobileDevice): null

2022-07-27 16:03:13 - [TEST_STEP][PASSED] - chromeOptions = new org.openqa.selenium.chrome.ChromeOptions(): null

2022-07-27 16:03:13 - [TEST_STEP][PASSED] - chromeOptions.setExperimentalOption("mobileEmulation", mobileEmulation): null

2022-07-27 16:03:13 - [TEST_STEP][PASSED] - driver = new org.openqa.selenium.chrome.ChromeDriver(chromeOptions): null

2022-07-27 16:03:14 - [TEST_STEP][PASSED] - changeWebDriver(driver): null

2022-07-27 16:03:14 - [TEST_STEP][ERROR] - navigate().to(url): Test Cases/Mobile Tests/Results/popularne-refresh-mobile FAILED.
Reason:
org.openqa.selenium.InvalidArgumentException: invalid argument
  (Session info: chrome=103.0.5060.134)
Build info: version: '3.141.59', revision: 'e82be7d358', time: '2018-11-14T08:25:53'
System info: host: 'BH-N002', ip: '192.168.1.27', os.name: 'Windows 10', os.arch: 'amd64', os.version: '10.0', java.version: '1.8.0_282'
Driver info: org.openqa.selenium.chrome.ChromeDriver
Capabilities {acceptInsecureCerts: false, browserName: chrome, browserVersion: 103.0.5060.134, chrome: {chromedriverVersion: 103.0.5060.134 (8ec6fce403b..., userDataDir: C:\Users\MKAPUS~1\AppData\L...}, goog:chromeOptions: {debuggerAddress: localhost:52984}, javascriptEnabled: true, networkConnectionEnabled: false, pageLoadStrategy: normal, platform: WINDOWS, platformName: WINDOWS, proxy: Proxy(), setWindowRect: true, strictFileInteractability: false, timeouts: {implicit: 0, pageLoad: 300000, script: 30000}, unhandledPromptBehavior: dismiss and notify, webauthn:extension:credBlob: true, webauthn:extension:largeBlob: true, webauthn:virtualAuthenticators: true}
Session ID: f7d11353c69c666f343f1a120b6494c3
	at org.openqa.selenium.remote.http.W3CHttpResponseCodec.createException(W3CHttpResponseCodec.java:187)
	at org.openqa.selenium.remote.http.W3CHttpResponseCodec.decode(W3CHttpResponseCodec.java:122)
	at org.openqa.selenium.remote.http.W3CHttpResponseCodec.decode(W3CHttpResponseCodec.java:49)
	at org.openqa.selenium.remote.HttpCommandExecutor.execute(HttpCommandExecutor.java:158)
	at org.openqa.selenium.remote.service.DriverCommandExecutor.execute(DriverCommandExecutor.java:83)
	at org.openqa.selenium.remote.RemoteWebDriver.execute(RemoteWebDriver.java:552)
	at org.openqa.selenium.remote.RemoteWebDriver.get(RemoteWebDriver.java:277)
	at org.openqa.selenium.remote.RemoteWebDriver$RemoteNavigation.to(RemoteWebDriver.java:857)
	at org.openqa.selenium.WebDriver$Navigation$to.call(Unknown Source)
	at popularne-refresh-mobile.run(popularne-refresh-mobile:38)
	at com.kms.katalon.core.main.ScriptEngine.run(ScriptEngine.java:194)
	at com.kms.katalon.core.main.ScriptEngine.runScriptAsRawText(ScriptEngine.java:119)
	at com.kms.katalon.core.main.TestCaseExecutor.runScript(TestCaseExecutor.java:445)
	at com.kms.katalon.core.main.TestCaseExecutor.doExecute(TestCaseExecutor.java:436)
	at com.kms.katalon.core.main.TestCaseExecutor.processExecutionPhase(TestCaseExecutor.java:415)
	at com.kms.katalon.core.main.TestCaseExecutor.accessMainPhase(TestCaseExecutor.java:407)
	at com.kms.katalon.core.main.TestCaseExecutor.execute(TestCaseExecutor.java:284)
	at com.kms.katalon.core.main.TestCaseExecutor.execute(TestCaseExecutor.java:366)
	at com.kms.katalon.core.main.TestCaseExecutor.execute(TestCaseExecutor.java:366)
	at com.kms.katalon.core.main.TestCaseExecutor.execute(TestCaseExecutor.java:366)
	at com.kms.katalon.core.common.CommonExecutor.accessTestCaseMainPhase(CommonExecutor.java:65)
	at com.kms.katalon.core.main.TestSuiteExecutor.accessTestSuiteMainPhase(TestSuiteExecutor.java:144)
	at com.kms.katalon.core.main.TestSuiteExecutor.execute(TestSuiteExecutor.java:106)
	at com.kms.katalon.core.main.TestCaseMain.startTestSuite(TestCaseMain.java:185)
	at com.kms.katalon.core.main.TestCaseMain$startTestSuite$0.call(Unknown Source)
	at TempTestSuite1658930586090.run(TempTestSuite1658930586090.groovy:36)


2022-07-27 16:03:14 - [MESSAGE][ERROR] - Test Cases/Mobile Tests/Results/popularne-refresh-mobile FAILED.
Reason:
org.openqa.selenium.InvalidArgumentException: invalid argument
  (Session info: chrome=103.0.5060.134)
Build info: version: '3.141.59', revision: 'e82be7d358', time: '2018-11-14T08:25:53'
System info: host: 'BH-N002', ip: '192.168.1.27', os.name: 'Windows 10', os.arch: 'amd64', os.version: '10.0', java.version: '1.8.0_282'
Driver info: org.openqa.selenium.chrome.ChromeDriver
Capabilities {acceptInsecureCerts: false, browserName: chrome, browserVersion: 103.0.5060.134, chrome: {chromedriverVersion: 103.0.5060.134 (8ec6fce403b..., userDataDir: C:\Users\MKAPUS~1\AppData\L...}, goog:chromeOptions: {debuggerAddress: localhost:52984}, javascriptEnabled: true, networkConnectionEnabled: false, pageLoadStrategy: normal, platform: WINDOWS, platformName: WINDOWS, proxy: Proxy(), setWindowRect: true, strictFileInteractability: false, timeouts: {implicit: 0, pageLoad: 300000, script: 30000}, unhandledPromptBehavior: dismiss and notify, webauthn:extension:credBlob: true, webauthn:extension:largeBlob: true, webauthn:virtualAuthenticators: true}
Session ID: f7d11353c69c666f343f1a120b6494c3
	at org.openqa.selenium.remote.http.W3CHttpResponseCodec.createException(W3CHttpResponseCodec.java:187)
	at org.openqa.selenium.remote.http.W3CHttpResponseCodec.decode(W3CHttpResponseCodec.java:122)
	at org.openqa.selenium.remote.http.W3CHttpResponseCodec.decode(W3CHttpResponseCodec.java:49)
	at org.openqa.selenium.remote.HttpCommandExecutor.execute(HttpCommandExecutor.java:158)
	at org.openqa.selenium.remote.service.DriverCommandExecutor.execute(DriverCommandExecutor.java:83)
	at org.openqa.selenium.remote.RemoteWebDriver.execute(RemoteWebDriver.java:552)
	at org.openqa.selenium.remote.RemoteWebDriver.get(RemoteWebDriver.java:277)
	at org.openqa.selenium.remote.RemoteWebDriver$RemoteNavigation.to(RemoteWebDriver.java:857)
	at org.openqa.selenium.WebDriver$Navigation$to.call(Unknown Source)
	at popularne-refresh-mobile.run(popularne-refresh-mobile:38)
	at com.kms.katalon.core.main.ScriptEngine.run(ScriptEngine.java:194)
	at com.kms.katalon.core.main.ScriptEngine.runScriptAsRawText(ScriptEngine.java:119)
	at com.kms.katalon.core.main.TestCaseExecutor.runScript(TestCaseExecutor.java:445)
	at com.kms.katalon.core.main.TestCaseExecutor.doExecute(TestCaseExecutor.java:436)
	at com.kms.katalon.core.main.TestCaseExecutor.processExecutionPhase(TestCaseExecutor.java:415)
	at com.kms.katalon.core.main.TestCaseExecutor.accessMainPhase(TestCaseExecutor.java:407)
	at com.kms.katalon.core.main.TestCaseExecutor.execute(TestCaseExecutor.java:284)
	at com.kms.katalon.core.main.TestCaseExecutor.execute(TestCaseExecutor.java:366)
	at com.kms.katalon.core.main.TestCaseExecutor.execute(TestCaseExecutor.java:366)
	at com.kms.katalon.core.main.TestCaseExecutor.execute(TestCaseExecutor.java:366)
	at com.kms.katalon.core.common.CommonExecutor.accessTestCaseMainPhase(CommonExecutor.java:65)
	at com.kms.katalon.core.main.TestSuiteExecutor.accessTestSuiteMainPhase(TestSuiteExecutor.java:144)
	at com.kms.katalon.core.main.TestSuiteExecutor.execute(TestSuiteExecutor.java:106)
	at com.kms.katalon.core.main.TestCaseMain.startTestSuite(TestCaseMain.java:185)
	at com.kms.katalon.core.main.TestCaseMain$startTestSuite$0.call(Unknown Source)
	at TempTestSuite1658930586090.run(TempTestSuite1658930586090.groovy:36)]]></system-out>
         <system-err><![CDATA[2022-07-27 16:03:13 - [TEST_CASE][ERROR] - Test Cases/Mobile Tests/Results/popularne-refresh-mobile: Test Cases/Mobile Tests/Results/popularne-refresh-mobile FAILED.
Reason:
org.openqa.selenium.InvalidArgumentException: invalid argument
  (Session info: chrome=103.0.5060.134)
Build info: version: '3.141.59', revision: 'e82be7d358', time: '2018-11-14T08:25:53'
System info: host: 'BH-N002', ip: '192.168.1.27', os.name: 'Windows 10', os.arch: 'amd64', os.version: '10.0', java.version: '1.8.0_282'
Driver info: org.openqa.selenium.chrome.ChromeDriver
Capabilities {acceptInsecureCerts: false, browserName: chrome, browserVersion: 103.0.5060.134, chrome: {chromedriverVersion: 103.0.5060.134 (8ec6fce403b..., userDataDir: C:\Users\MKAPUS~1\AppData\L...}, goog:chromeOptions: {debuggerAddress: localhost:52984}, javascriptEnabled: true, networkConnectionEnabled: false, pageLoadStrategy: normal, platform: WINDOWS, platformName: WINDOWS, proxy: Proxy(), setWindowRect: true, strictFileInteractability: false, timeouts: {implicit: 0, pageLoad: 300000, script: 30000}, unhandledPromptBehavior: dismiss and notify, webauthn:extension:credBlob: true, webauthn:extension:largeBlob: true, webauthn:virtualAuthenticators: true}
Session ID: f7d11353c69c666f343f1a120b6494c3
	at org.openqa.selenium.remote.http.W3CHttpResponseCodec.createException(W3CHttpResponseCodec.java:187)
	at org.openqa.selenium.remote.http.W3CHttpResponseCodec.decode(W3CHttpResponseCodec.java:122)
	at org.openqa.selenium.remote.http.W3CHttpResponseCodec.decode(W3CHttpResponseCodec.java:49)
	at org.openqa.selenium.remote.HttpCommandExecutor.execute(HttpCommandExecutor.java:158)
	at org.openqa.selenium.remote.service.DriverCommandExecutor.execute(DriverCommandExecutor.java:83)
	at org.openqa.selenium.remote.RemoteWebDriver.execute(RemoteWebDriver.java:552)
	at org.openqa.selenium.remote.RemoteWebDriver.get(RemoteWebDriver.java:277)
	at org.openqa.selenium.remote.RemoteWebDriver$RemoteNavigation.to(RemoteWebDriver.java:857)
	at org.openqa.selenium.WebDriver$Navigation$to.call(Unknown Source)
	at popularne-refresh-mobile.run(popularne-refresh-mobile:38)
	at com.kms.katalon.core.main.ScriptEngine.run(ScriptEngine.java:194)
	at com.kms.katalon.core.main.ScriptEngine.runScriptAsRawText(ScriptEngine.java:119)
	at com.kms.katalon.core.main.TestCaseExecutor.runScript(TestCaseExecutor.java:445)
	at com.kms.katalon.core.main.TestCaseExecutor.doExecute(TestCaseExecutor.java:436)
	at com.kms.katalon.core.main.TestCaseExecutor.processExecutionPhase(TestCaseExecutor.java:415)
	at com.kms.katalon.core.main.TestCaseExecutor.accessMainPhase(TestCaseExecutor.java:407)
	at com.kms.katalon.core.main.TestCaseExecutor.execute(TestCaseExecutor.java:284)
	at com.kms.katalon.core.main.TestCaseExecutor.execute(TestCaseExecutor.java:366)
	at com.kms.katalon.core.main.TestCaseExecutor.execute(TestCaseExecutor.java:366)
	at com.kms.katalon.core.main.TestCaseExecutor.execute(TestCaseExecutor.java:366)
	at com.kms.katalon.core.common.CommonExecutor.accessTestCaseMainPhase(CommonExecutor.java:65)
	at com.kms.katalon.core.main.TestSuiteExecutor.accessTestSuiteMainPhase(TestSuiteExecutor.java:144)
	at com.kms.katalon.core.main.TestSuiteExecutor.execute(TestSuiteExecutor.java:106)
	at com.kms.katalon.core.main.TestCaseMain.startTestSuite(TestCaseMain.java:185)
	at com.kms.katalon.core.main.TestCaseMain$startTestSuite$0.call(Unknown Source)
	at TempTestSuite1658930586090.run(TempTestSuite1658930586090.groovy:36)]]></system-err>
      </testcase>
      <testcase name="Test Cases/Mobile Tests/Homepage/homepage-mobile_basic-test" time="25.63" classname="Test Cases/Mobile Tests/Homepage/homepage-mobile_basic-test" status="PASSED">
         <system-out><![CDATA[2022-07-27 16:03:14 - [TEST_CASE][PASSED] - Test Cases/Mobile Tests/Homepage/homepage-mobile_basic-test: Test Cases/Mobile Tests/Homepage/homepage-mobile_basic-test

2022-07-27 16:03:15 - [TEST_STEP][PASSED] - System.setProperty("webdriver.chrome.driver", getChromeDriverPath()): null

2022-07-27 16:03:15 - [TEST_STEP][PASSED] - mobileEmulation = new java.util.HashMap(): null

2022-07-27 16:03:15 - [TEST_STEP][PASSED] - mobileEmulation.put("deviceName", mobileDevice): null

2022-07-27 16:03:15 - [TEST_STEP][PASSED] - chromeOptions = new org.openqa.selenium.chrome.ChromeOptions(): null

2022-07-27 16:03:15 - [TEST_STEP][PASSED] - chromeOptions.setExperimentalOption("mobileEmulation", mobileEmulation): null

2022-07-27 16:03:15 - [TEST_STEP][PASSED] - driver = new org.openqa.selenium.chrome.ChromeDriver(chromeOptions): null

2022-07-27 16:03:16 - [TEST_STEP][PASSED] - changeWebDriver(driver): null

2022-07-27 16:03:16 - [TEST_STEP][PASSED] - navigate().to(homepageUrl): null

2022-07-27 16:03:20 - [TEST_STEP][PASSED] - waitForPageLoad(5): Wait for page load successfully

2022-07-27 16:03:20 - [MESSAGE][PASSED] - Wait for page load successfully

2022-07-27 16:03:20 - [TEST_STEP][PASSED] - click(findTestObject("HomePage/zamknijCiastka")): Object: 'Object Repository/HomePage/zamknijCiastka' is clicked on

2022-07-27 16:03:20 - [MESSAGE][PASSED] - Object: 'Object Repository/HomePage/zamknijCiastka' is clicked on

2022-07-27 16:03:20 - [TEST_STEP][PASSED] - comment("SearchBar / Hero"): SearchBar / Hero

2022-07-27 16:03:20 - [MESSAGE][INFO] - SearchBar / Hero

2022-07-27 16:03:20 - [TEST_STEP][PASSED] - verifyElementPresent(findTestObject("Object Repository/Mobile Objects/HomePage/homepage-hero-filtry/wraper"), timeout): Object 'Object Repository/Mobile Objects/HomePage/homepage-hero-filtry/wraper' is present

2022-07-27 16:03:20 - [MESSAGE][PASSED] - Object 'Object Repository/Mobile Objects/HomePage/homepage-hero-filtry/wraper' is present

2022-07-27 16:03:20 - [TEST_STEP][PASSED] - verifyElementVisible(findTestObject("Object Repository/Mobile Objects/HomePage/homepage-hero-filtry/wraper"), STOP_ON_FAILURE): Object 'Object Repository/Mobile Objects/HomePage/homepage-hero-filtry/wraper' is visible

2022-07-27 16:03:21 - [MESSAGE][PASSED] - Object 'Object Repository/Mobile Objects/HomePage/homepage-hero-filtry/wraper' is visible

2022-07-27 16:03:21 - [TEST_STEP][PASSED] - verifyElementPresent(findTestObject("Object Repository/Mobile Objects/HomePage/homepage-hero-filtry/gdziekolwiek"), timeout): Object 'Object Repository/Mobile Objects/HomePage/homepage-hero-filtry/gdziekolwiek' is present

2022-07-27 16:03:21 - [MESSAGE][PASSED] - Object 'Object Repository/Mobile Objects/HomePage/homepage-hero-filtry/gdziekolwiek' is present

2022-07-27 16:03:21 - [TEST_STEP][PASSED] - verifyElementClickable(findTestObject("Object Repository/Mobile Objects/HomePage/homepage-hero-filtry/gdziekolwiek"), STOP_ON_FAILURE): Object 'Object Repository/Mobile Objects/HomePage/homepage-hero-filtry/gdziekolwiek' is clickable

2022-07-27 16:03:21 - [MESSAGE][PASSED] - Object 'Object Repository/Mobile Objects/HomePage/homepage-hero-filtry/gdziekolwiek' is clickable

2022-07-27 16:03:21 - [TEST_STEP][PASSED] - verifyElementPresent(findTestObject("Object Repository/Mobile Objects/HomePage/homepage-hero-filtry/kiedykolwiek"), timeout): Object 'Object Repository/Mobile Objects/HomePage/homepage-hero-filtry/kiedykolwiek' is present

2022-07-27 16:03:21 - [MESSAGE][PASSED] - Object 'Object Repository/Mobile Objects/HomePage/homepage-hero-filtry/kiedykolwiek' is present

2022-07-27 16:03:21 - [TEST_STEP][PASSED] - verifyElementClickable(findTestObject("Object Repository/Mobile Objects/HomePage/homepage-hero-filtry/kiedykolwiek"), STOP_ON_FAILURE): Object 'Object Repository/Mobile Objects/HomePage/homepage-hero-filtry/kiedykolwiek' is clickable

2022-07-27 16:03:21 - [MESSAGE][PASSED] - Object 'Object Repository/Mobile Objects/HomePage/homepage-hero-filtry/kiedykolwiek' is clickable

2022-07-27 16:03:21 - [TEST_STEP][PASSED] - verifyElementPresent(findTestObject("Object Repository/Mobile Objects/HomePage/homepage-hero-filtry/ilosc-osob"), timeout): Object 'Object Repository/Mobile Objects/HomePage/homepage-hero-filtry/ilosc-osob' is present

2022-07-27 16:03:21 - [MESSAGE][PASSED] - Object 'Object Repository/Mobile Objects/HomePage/homepage-hero-filtry/ilosc-osob' is present

2022-07-27 16:03:21 - [TEST_STEP][PASSED] - verifyElementClickable(findTestObject("Object Repository/Mobile Objects/HomePage/homepage-hero-filtry/ilosc-osob"), STOP_ON_FAILURE): Object 'Object Repository/Mobile Objects/HomePage/homepage-hero-filtry/ilosc-osob' is clickable

2022-07-27 16:03:21 - [MESSAGE][PASSED] - Object 'Object Repository/Mobile Objects/HomePage/homepage-hero-filtry/ilosc-osob' is clickable

2022-07-27 16:03:21 - [TEST_STEP][PASSED] - verifyElementPresent(findTestObject("Object Repository/Mobile Objects/HomePage/homepage-hero-filtry/skadkolwiek"), timeout): Object 'Object Repository/Mobile Objects/HomePage/homepage-hero-filtry/skadkolwiek' is present

2022-07-27 16:03:21 - [MESSAGE][PASSED] - Object 'Object Repository/Mobile Objects/HomePage/homepage-hero-filtry/skadkolwiek' is present

2022-07-27 16:03:21 - [TEST_STEP][PASSED] - verifyElementClickable(findTestObject("Object Repository/Mobile Objects/HomePage/homepage-hero-filtry/skadkolwiek"), STOP_ON_FAILURE): Object 'Object Repository/Mobile Objects/HomePage/homepage-hero-filtry/skadkolwiek' is clickable

2022-07-27 16:03:21 - [MESSAGE][PASSED] - Object 'Object Repository/Mobile Objects/HomePage/homepage-hero-filtry/skadkolwiek' is clickable

2022-07-27 16:03:21 - [TEST_STEP][PASSED] - verifyElementPresent(findTestObject("Object Repository/Mobile Objects/HomePage/homepage-hero-filtry/typ-transportu"), timeout): Object 'Object Repository/Mobile Objects/HomePage/homepage-hero-filtry/typ-transportu' is present

2022-07-27 16:03:22 - [MESSAGE][PASSED] - Object 'Object Repository/Mobile Objects/HomePage/homepage-hero-filtry/typ-transportu' is present

2022-07-27 16:03:22 - [TEST_STEP][PASSED] - verifyElementClickable(findTestObject("Object Repository/Mobile Objects/HomePage/homepage-hero-filtry/typ-transportu"), STOP_ON_FAILURE): Object 'Object Repository/Mobile Objects/HomePage/homepage-hero-filtry/typ-transportu' is clickable

2022-07-27 16:03:22 - [MESSAGE][PASSED] - Object 'Object Repository/Mobile Objects/HomePage/homepage-hero-filtry/typ-transportu' is clickable

2022-07-27 16:03:22 - [TEST_STEP][PASSED] - verifyElementPresent(findTestObject("Object Repository/Mobile Objects/HomePage/homepage-hero-filtry/a_SZUKAJ-hero"), timeout): Object 'Object Repository/Mobile Objects/HomePage/homepage-hero-filtry/a_SZUKAJ-hero' is present

2022-07-27 16:03:22 - [MESSAGE][PASSED] - Object 'Object Repository/Mobile Objects/HomePage/homepage-hero-filtry/a_SZUKAJ-hero' is present

2022-07-27 16:03:22 - [TEST_STEP][PASSED] - verifyElementClickable(findTestObject("Object Repository/Mobile Objects/HomePage/homepage-hero-filtry/a_SZUKAJ-hero"), STOP_ON_FAILURE): Object 'Object Repository/Mobile Objects/HomePage/homepage-hero-filtry/a_SZUKAJ-hero' is clickable

2022-07-27 16:03:22 - [MESSAGE][PASSED] - Object 'Object Repository/Mobile Objects/HomePage/homepage-hero-filtry/a_SZUKAJ-hero' is clickable

2022-07-27 16:03:22 - [TEST_STEP][PASSED] - comment("Sekcja 1 - Biuro podróży"): Sekcja 1 - Biuro podróży

2022-07-27 16:03:22 - [MESSAGE][INFO] - Sekcja 1 - Biuro podróży

2022-07-27 16:03:22 - [TEST_STEP][PASSED] - verifyElementPresent(findTestObject("HomePage/biuro-podrozy-rainbow/Header-Biuro-podrozy-rainbow"), timeout): Object 'Object Repository/HomePage/biuro-podrozy-rainbow/Header-Biuro-podrozy-rainbow' is present

2022-07-27 16:03:22 - [MESSAGE][PASSED] - Object 'Object Repository/HomePage/biuro-podrozy-rainbow/Header-Biuro-podrozy-rainbow' is present

2022-07-27 16:03:22 - [TEST_STEP][PASSED] - verifyElementText(findTestObject("HomePage/biuro-podrozy-rainbow/Header-Biuro-podrozy-rainbow"), "Biuro podróży Rainbow"): Actual text and expected text of test object 'Object Repository/HomePage/biuro-podrozy-rainbow/Header-Biuro-podrozy-rainbow' are matched.

2022-07-27 16:03:22 - [MESSAGE][PASSED] - Actual text and expected text of test object 'Object Repository/HomePage/biuro-podrozy-rainbow/Header-Biuro-podrozy-rainbow' are matched.

2022-07-27 16:03:22 - [TEST_STEP][PASSED] - verifyElementPresent(findTestObject("HomePage/biuro-podrozy-rainbow/slider-1-wrapper"), timeout): Object 'Object Repository/HomePage/biuro-podrozy-rainbow/slider-1-wrapper' is present

2022-07-27 16:03:22 - [MESSAGE][PASSED] - Object 'Object Repository/HomePage/biuro-podrozy-rainbow/slider-1-wrapper' is present

2022-07-27 16:03:22 - [TEST_STEP][PASSED] - verifyElementVisible(findTestObject("HomePage/biuro-podrozy-rainbow/slider-1-wrapper"), STOP_ON_FAILURE): Object 'Object Repository/HomePage/biuro-podrozy-rainbow/slider-1-wrapper' is visible

2022-07-27 16:03:22 - [MESSAGE][PASSED] - Object 'Object Repository/HomePage/biuro-podrozy-rainbow/slider-1-wrapper' is visible

2022-07-27 16:03:22 - [TEST_STEP][PASSED] - comment("1.1 - Topniejace"): 1.1 - Topniejace

2022-07-27 16:03:22 - [MESSAGE][INFO] - 1.1 - Topniejace

2022-07-27 16:03:22 - [TEST_STEP][PASSED] - verifyElementClickable(findTestObject("HomePage/biuro-podrozy-rainbow/Topniejace/slider__TopniejceRabaty-btn")): Object 'Object Repository/HomePage/biuro-podrozy-rainbow/Topniejace/slider__TopniejceRabaty-btn' is clickable

2022-07-27 16:03:22 - [MESSAGE][PASSED] - Object 'Object Repository/HomePage/biuro-podrozy-rainbow/Topniejace/slider__TopniejceRabaty-btn' is clickable

2022-07-27 16:03:22 - [TEST_STEP][PASSED] - click(findTestObject("HomePage/biuro-podrozy-rainbow/Topniejace/slider__TopniejceRabaty-btn")): Object: 'Object Repository/HomePage/biuro-podrozy-rainbow/Topniejace/slider__TopniejceRabaty-btn' is clicked on

2022-07-27 16:03:23 - [MESSAGE][PASSED] - Object: 'Object Repository/HomePage/biuro-podrozy-rainbow/Topniejace/slider__TopniejceRabaty-btn' is clicked on

2022-07-27 16:03:23 - [TEST_STEP][PASSED] - delay(smallTimout): Delayed 3 second(s)

2022-07-27 16:03:26 - [MESSAGE][PASSED] - Delayed 3 second(s)

2022-07-27 16:03:26 - [TEST_STEP][PASSED] - verifyElementPresent(findTestObject("HomePage/biuro-podrozy-rainbow/Topniejace/slider__Topniejace"), timeout): Object 'Object Repository/HomePage/biuro-podrozy-rainbow/Topniejace/slider__Topniejace' is present

2022-07-27 16:03:26 - [MESSAGE][PASSED] - Object 'Object Repository/HomePage/biuro-podrozy-rainbow/Topniejace/slider__Topniejace' is present

2022-07-27 16:03:26 - [TEST_STEP][PASSED] - verifyElementPresent(findTestObject("HomePage/biuro-podrozy-rainbow/Topniejace/slider_Topniejace-firstEle"), timeout): Object 'Object Repository/HomePage/biuro-podrozy-rainbow/Topniejace/slider_Topniejace-firstEle' is present

2022-07-27 16:03:26 - [MESSAGE][PASSED] - Object 'Object Repository/HomePage/biuro-podrozy-rainbow/Topniejace/slider_Topniejace-firstEle' is present

2022-07-27 16:03:26 - [TEST_STEP][PASSED] - comment("1.2 - Last Minute"): 1.2 - Last Minute

2022-07-27 16:03:26 - [MESSAGE][INFO] - 1.2 - Last Minute

2022-07-27 16:03:26 - [TEST_STEP][PASSED] - verifyElementClickable(findTestObject("HomePage/biuro-podrozy-rainbow/LastMinute/slider__LastMinute-btn")): Object 'Object Repository/HomePage/biuro-podrozy-rainbow/LastMinute/slider__LastMinute-btn' is clickable

2022-07-27 16:03:26 - [MESSAGE][PASSED] - Object 'Object Repository/HomePage/biuro-podrozy-rainbow/LastMinute/slider__LastMinute-btn' is clickable

2022-07-27 16:03:26 - [TEST_STEP][PASSED] - click(findTestObject("HomePage/biuro-podrozy-rainbow/LastMinute/slider__LastMinute-btn")): Object: 'Object Repository/HomePage/biuro-podrozy-rainbow/LastMinute/slider__LastMinute-btn' is clicked on

2022-07-27 16:03:26 - [MESSAGE][PASSED] - Object: 'Object Repository/HomePage/biuro-podrozy-rainbow/LastMinute/slider__LastMinute-btn' is clicked on

2022-07-27 16:03:26 - [TEST_STEP][PASSED] - delay(smallTimout): Delayed 3 second(s)

2022-07-27 16:03:29 - [MESSAGE][PASSED] - Delayed 3 second(s)

2022-07-27 16:03:29 - [TEST_STEP][PASSED] - verifyElementPresent(findTestObject("HomePage/biuro-podrozy-rainbow/LastMinute/slider__Last"), timeout): Object 'Object Repository/HomePage/biuro-podrozy-rainbow/LastMinute/slider__Last' is present

2022-07-27 16:03:29 - [MESSAGE][PASSED] - Object 'Object Repository/HomePage/biuro-podrozy-rainbow/LastMinute/slider__Last' is present

2022-07-27 16:03:29 - [TEST_STEP][PASSED] - verifyElementPresent(findTestObject("HomePage/biuro-podrozy-rainbow/LastMinute/slider_Last-firstEle"), timeout): Object 'Object Repository/HomePage/biuro-podrozy-rainbow/LastMinute/slider_Last-firstEle' is present

2022-07-27 16:03:29 - [MESSAGE][PASSED] - Object 'Object Repository/HomePage/biuro-podrozy-rainbow/LastMinute/slider_Last-firstEle' is present

2022-07-27 16:03:29 - [TEST_STEP][PASSED] - comment("1.3 - Turcja"): 1.3 - Turcja

2022-07-27 16:03:29 - [MESSAGE][INFO] - 1.3 - Turcja

2022-07-27 16:03:29 - [TEST_STEP][PASSED] - verifyElementClickable(findTestObject("HomePage/biuro-podrozy-rainbow/Turcja/slider__Turcja-btn")): Object 'Object Repository/HomePage/biuro-podrozy-rainbow/Turcja/slider__Turcja-btn' is clickable

2022-07-27 16:03:29 - [MESSAGE][PASSED] - Object 'Object Repository/HomePage/biuro-podrozy-rainbow/Turcja/slider__Turcja-btn' is clickable

2022-07-27 16:03:29 - [TEST_STEP][PASSED] - click(findTestObject("HomePage/biuro-podrozy-rainbow/Turcja/slider__Turcja-btn")): Object: 'Object Repository/HomePage/biuro-podrozy-rainbow/Turcja/slider__Turcja-btn' is clicked on

2022-07-27 16:03:30 - [MESSAGE][PASSED] - Object: 'Object Repository/HomePage/biuro-podrozy-rainbow/Turcja/slider__Turcja-btn' is clicked on

2022-07-27 16:03:30 - [TEST_STEP][PASSED] - delay(smallTimout): Delayed 3 second(s)

2022-07-27 16:03:33 - [MESSAGE][PASSED] - Delayed 3 second(s)

2022-07-27 16:03:33 - [TEST_STEP][PASSED] - verifyElementPresent(findTestObject("HomePage/biuro-podrozy-rainbow/Turcja/slider__Turcja"), timeout): Object 'Object Repository/HomePage/biuro-podrozy-rainbow/Turcja/slider__Turcja' is present

2022-07-27 16:03:33 - [MESSAGE][PASSED] - Object 'Object Repository/HomePage/biuro-podrozy-rainbow/Turcja/slider__Turcja' is present

2022-07-27 16:03:33 - [TEST_STEP][PASSED] - verifyElementPresent(findTestObject("HomePage/biuro-podrozy-rainbow/Turcja/slider_Turcja-firstEle"), timeout): Object 'Object Repository/HomePage/biuro-podrozy-rainbow/Turcja/slider_Turcja-firstEle' is present

2022-07-27 16:03:33 - [MESSAGE][PASSED] - Object 'Object Repository/HomePage/biuro-podrozy-rainbow/Turcja/slider_Turcja-firstEle' is present

2022-07-27 16:03:33 - [TEST_STEP][PASSED] - comment("1.4 - Egoztyka"): 1.4 - Egoztyka

2022-07-27 16:03:33 - [MESSAGE][INFO] - 1.4 - Egoztyka

2022-07-27 16:03:33 - [TEST_STEP][PASSED] - verifyElementClickable(findTestObject("HomePage/biuro-podrozy-rainbow/Egoztyka/slider__Egzotyka-btn")): Object 'Object Repository/HomePage/biuro-podrozy-rainbow/Egoztyka/slider__Egzotyka-btn' is clickable

2022-07-27 16:03:33 - [MESSAGE][PASSED] - Object 'Object Repository/HomePage/biuro-podrozy-rainbow/Egoztyka/slider__Egzotyka-btn' is clickable

2022-07-27 16:03:33 - [TEST_STEP][PASSED] - click(findTestObject("HomePage/biuro-podrozy-rainbow/Egoztyka/slider__Egzotyka-btn")): Object: 'Object Repository/HomePage/biuro-podrozy-rainbow/Egoztyka/slider__Egzotyka-btn' is clicked on

2022-07-27 16:03:33 - [MESSAGE][PASSED] - Object: 'Object Repository/HomePage/biuro-podrozy-rainbow/Egoztyka/slider__Egzotyka-btn' is clicked on

2022-07-27 16:03:33 - [TEST_STEP][PASSED] - delay(smallTimout): Delayed 3 second(s)

2022-07-27 16:03:36 - [MESSAGE][PASSED] - Delayed 3 second(s)

2022-07-27 16:03:36 - [TEST_STEP][PASSED] - verifyElementPresent(findTestObject("HomePage/biuro-podrozy-rainbow/Egoztyka/slider__Egzotyka"), timeout): Object 'Object Repository/HomePage/biuro-podrozy-rainbow/Egoztyka/slider__Egzotyka' is present

2022-07-27 16:03:36 - [MESSAGE][PASSED] - Object 'Object Repository/HomePage/biuro-podrozy-rainbow/Egoztyka/slider__Egzotyka' is present

2022-07-27 16:03:36 - [TEST_STEP][PASSED] - verifyElementPresent(findTestObject("HomePage/biuro-podrozy-rainbow/Egoztyka/slider__Egzotyka-firstEle"), timeout): Object 'Object Repository/HomePage/biuro-podrozy-rainbow/Egoztyka/slider__Egzotyka-firstEle' is present

2022-07-27 16:03:36 - [MESSAGE][PASSED] - Object 'Object Repository/HomePage/biuro-podrozy-rainbow/Egoztyka/slider__Egzotyka-firstEle' is present

2022-07-27 16:03:36 - [TEST_STEP][PASSED] - comment("Sekcja 2 - Aktualne wytyczne"): Sekcja 2 - Aktualne wytyczne

2022-07-27 16:03:36 - [MESSAGE][INFO] - Sekcja 2 - Aktualne wytyczne

2022-07-27 16:03:36 - [TEST_STEP][PASSED] - verifyElementPresent(findTestObject("HomePage/wytyczne/aktualne-wytyczne"), timeout): Object 'Object Repository/HomePage/wytyczne/aktualne-wytyczne' is present

2022-07-27 16:03:36 - [MESSAGE][PASSED] - Object 'Object Repository/HomePage/wytyczne/aktualne-wytyczne' is present

2022-07-27 16:03:36 - [TEST_STEP][PASSED] - verifyElementVisible(findTestObject("HomePage/wytyczne/aktualne-wytyczne"), STOP_ON_FAILURE): Object 'Object Repository/HomePage/wytyczne/aktualne-wytyczne' is visible

2022-07-27 16:03:37 - [MESSAGE][PASSED] - Object 'Object Repository/HomePage/wytyczne/aktualne-wytyczne' is visible

2022-07-27 16:03:37 - [TEST_STEP][PASSED] - verifyElementPresent(findTestObject("HomePage/wytyczne/aktualne-wytyczne__sprawdz-teraz"), timeout): Object 'Object Repository/HomePage/wytyczne/aktualne-wytyczne__sprawdz-teraz' is present

2022-07-27 16:03:37 - [MESSAGE][PASSED] - Object 'Object Repository/HomePage/wytyczne/aktualne-wytyczne__sprawdz-teraz' is present

2022-07-27 16:03:37 - [TEST_STEP][PASSED] - verifyElementClickable(findTestObject("HomePage/wytyczne/aktualne-wytyczne__sprawdz-teraz"), STOP_ON_FAILURE): Object 'Object Repository/HomePage/wytyczne/aktualne-wytyczne__sprawdz-teraz' is clickable

2022-07-27 16:03:37 - [MESSAGE][PASSED] - Object 'Object Repository/HomePage/wytyczne/aktualne-wytyczne__sprawdz-teraz' is clickable

2022-07-27 16:03:37 - [TEST_STEP][PASSED] - verifyElementAttributeValue(findTestObject("HomePage/wytyczne/wytyczne__link"), "href", "https://r.pl/wytyczne", timeout): Object 'Object Repository/HomePage/wytyczne/wytyczne__link' has attribute 'href' with value 'https://r.pl/wytyczne'

2022-07-27 16:03:37 - [MESSAGE][PASSED] - Object 'Object Repository/HomePage/wytyczne/wytyczne__link' has attribute 'href' with value 'https://r.pl/wytyczne'

2022-07-27 16:03:37 - [TEST_STEP][PASSED] - comment("Sekcja 3 - Rainbow poleca"): Sekcja 3 - Rainbow poleca

2022-07-27 16:03:37 - [MESSAGE][INFO] - Sekcja 3 - Rainbow poleca

2022-07-27 16:03:37 - [TEST_STEP][PASSED] - verifyElementPresent(findTestObject("HomePage/rainbow-poleca/Header-rainbow-poleca"), timeout): Object 'Object Repository/HomePage/rainbow-poleca/Header-rainbow-poleca' is present

2022-07-27 16:03:37 - [MESSAGE][PASSED] - Object 'Object Repository/HomePage/rainbow-poleca/Header-rainbow-poleca' is present

2022-07-27 16:03:37 - [TEST_STEP][PASSED] - verifyElementText(findTestObject("HomePage/rainbow-poleca/Header-rainbow-poleca"), "Rainbow poleca"): Actual text and expected text of test object 'Object Repository/HomePage/rainbow-poleca/Header-rainbow-poleca' are matched.

2022-07-27 16:03:37 - [MESSAGE][PASSED] - Actual text and expected text of test object 'Object Repository/HomePage/rainbow-poleca/Header-rainbow-poleca' are matched.

2022-07-27 16:03:37 - [TEST_STEP][PASSED] - verifyElementPresent(findTestObject("HomePage/rainbow-poleca/rainbow-poleca__slider"), timeout): Object 'Object Repository/HomePage/rainbow-poleca/rainbow-poleca__slider' is present

2022-07-27 16:03:37 - [MESSAGE][PASSED] - Object 'Object Repository/HomePage/rainbow-poleca/rainbow-poleca__slider' is present

2022-07-27 16:03:37 - [TEST_STEP][PASSED] - verifyElementVisible(findTestObject("HomePage/rainbow-poleca/rainbow-poleca__slider"), STOP_ON_FAILURE): Object 'Object Repository/HomePage/rainbow-poleca/rainbow-poleca__slider' is visible

2022-07-27 16:03:37 - [MESSAGE][PASSED] - Object 'Object Repository/HomePage/rainbow-poleca/rainbow-poleca__slider' is visible

2022-07-27 16:03:37 - [TEST_STEP][PASSED] - comment("Sekcja 4 - Popularne kierunki"): Sekcja 4 - Popularne kierunki

2022-07-27 16:03:37 - [MESSAGE][INFO] - Sekcja 4 - Popularne kierunki

2022-07-27 16:03:37 - [TEST_STEP][PASSED] - verifyElementPresent(findTestObject("HomePage/popularne-kierunki/Header-popularne-kierunki"), timeout): Object 'Object Repository/HomePage/popularne-kierunki/Header-popularne-kierunki' is present

2022-07-27 16:03:37 - [MESSAGE][PASSED] - Object 'Object Repository/HomePage/popularne-kierunki/Header-popularne-kierunki' is present

2022-07-27 16:03:37 - [TEST_STEP][PASSED] - verifyElementText(findTestObject("HomePage/popularne-kierunki/Header-popularne-kierunki"), "Popularne kierunki"): Actual text and expected text of test object 'Object Repository/HomePage/popularne-kierunki/Header-popularne-kierunki' are matched.

2022-07-27 16:03:37 - [MESSAGE][PASSED] - Actual text and expected text of test object 'Object Repository/HomePage/popularne-kierunki/Header-popularne-kierunki' are matched.

2022-07-27 16:03:37 - [TEST_STEP][PASSED] - verifyElementPresent(findTestObject("HomePage/popularne-kierunki/kolaz-kierunkow"), timeout): Object 'Object Repository/HomePage/popularne-kierunki/kolaz-kierunkow' is present

2022-07-27 16:03:37 - [MESSAGE][PASSED] - Object 'Object Repository/HomePage/popularne-kierunki/kolaz-kierunkow' is present

2022-07-27 16:03:37 - [TEST_STEP][PASSED] - verifyElementVisible(findTestObject("HomePage/popularne-kierunki/kolaz-kierunkow"), STOP_ON_FAILURE): Object 'Object Repository/HomePage/popularne-kierunki/kolaz-kierunkow' is visible

2022-07-27 16:03:38 - [MESSAGE][PASSED] - Object 'Object Repository/HomePage/popularne-kierunki/kolaz-kierunkow' is visible

2022-07-27 16:03:38 - [TEST_STEP][PASSED] - scrollToElement(findTestObject("HomePage/popularne-kierunki/kolaz-kierunkow"), 0): Scroll to object 'Object Repository/HomePage/popularne-kierunki/kolaz-kierunkow' successfully

2022-07-27 16:03:38 - [MESSAGE][WARNING] - Timeout '0' is invalid. Using default page load timeout: '60'

2022-07-27 16:03:38 - [MESSAGE][PASSED] - Scroll to object 'Object Repository/HomePage/popularne-kierunki/kolaz-kierunkow' successfully

2022-07-27 16:03:38 - [TEST_STEP][PASSED] - verifyElementPresent(findTestObject("Object Repository/Mobile Objects/HomePage/popularne-kierunki/grecja-pierwszy-kierunek"), timeout): Object 'Object Repository/Mobile Objects/HomePage/popularne-kierunki/grecja-pierwszy-kierunek' is present

2022-07-27 16:03:38 - [MESSAGE][PASSED] - Object 'Object Repository/Mobile Objects/HomePage/popularne-kierunki/grecja-pierwszy-kierunek' is present

2022-07-27 16:03:38 - [TEST_STEP][PASSED] - verifyElementClickable(findTestObject("Object Repository/Mobile Objects/HomePage/popularne-kierunki/grecja-pierwszy-kierunek"), STOP_ON_FAILURE): Object 'Object Repository/Mobile Objects/HomePage/popularne-kierunki/grecja-pierwszy-kierunek' is clickable

2022-07-27 16:03:38 - [MESSAGE][PASSED] - Object 'Object Repository/Mobile Objects/HomePage/popularne-kierunki/grecja-pierwszy-kierunek' is clickable

2022-07-27 16:03:38 - [TEST_STEP][PASSED] - comment("Pierwszy popularny kierunek (popularne-first-href)"): Pierwszy popularny kierunek (popularne-first-href)

2022-07-27 16:03:38 - [MESSAGE][INFO] - Pierwszy popularny kierunek (popularne-first-href)

2022-07-27 16:03:38 - [TEST_STEP][PASSED] - verifyElementAttributeValue(findTestObject("Object Repository/Mobile Objects/HomePage/popularne-kierunki/grecja-pierwszy-kierunek"), "href", popularneHref, timeout): Object 'Object Repository/Mobile Objects/HomePage/popularne-kierunki/grecja-pierwszy-kierunek' has attribute 'href' with value 'https://r.pl/grecja'

2022-07-27 16:03:38 - [MESSAGE][PASSED] - Object 'Object Repository/Mobile Objects/HomePage/popularne-kierunki/grecja-pierwszy-kierunek' has attribute 'href' with value 'https://r.pl/grecja'

2022-07-27 16:03:38 - [TEST_STEP][PASSED] - comment("Sekcja 5 - Blog"): Sekcja 5 - Blog

2022-07-27 16:03:38 - [MESSAGE][INFO] - Sekcja 5 - Blog

2022-07-27 16:03:38 - [TEST_STEP][PASSED] - verifyElementPresent(findTestObject("HomePage/blog/Header-blog"), timeout): Object 'Object Repository/HomePage/blog/Header-blog' is present

2022-07-27 16:03:38 - [MESSAGE][PASSED] - Object 'Object Repository/HomePage/blog/Header-blog' is present

2022-07-27 16:03:38 - [TEST_STEP][PASSED] - verifyElementText(findTestObject("HomePage/blog/Header-blog"), "blog"): Actual text and expected text of test object 'Object Repository/HomePage/blog/Header-blog' are matched.

2022-07-27 16:03:38 - [MESSAGE][PASSED] - Actual text and expected text of test object 'Object Repository/HomePage/blog/Header-blog' are matched.

2022-07-27 16:03:38 - [TEST_STEP][PASSED] - verifyElementPresent(findTestObject("HomePage/blog/blog-articles__wrap"), timeout): Object 'Object Repository/HomePage/blog/blog-articles__wrap' is present

2022-07-27 16:03:38 - [MESSAGE][PASSED] - Object 'Object Repository/HomePage/blog/blog-articles__wrap' is present

2022-07-27 16:03:38 - [TEST_STEP][PASSED] - verifyElementVisible(findTestObject("HomePage/blog/blog-articles__wrap"), STOP_ON_FAILURE): Object 'Object Repository/HomePage/blog/blog-articles__wrap' is visible

2022-07-27 16:03:38 - [MESSAGE][PASSED] - Object 'Object Repository/HomePage/blog/blog-articles__wrap' is visible

2022-07-27 16:03:38 - [TEST_STEP][PASSED] - verifyElementPresent(findTestObject("HomePage/blog/blog-articles__first-element"), timeout): Object 'Object Repository/HomePage/blog/blog-articles__first-element' is present

2022-07-27 16:03:38 - [MESSAGE][PASSED] - Object 'Object Repository/HomePage/blog/blog-articles__first-element' is present

2022-07-27 16:03:38 - [TEST_STEP][PASSED] - verifyElementVisible(findTestObject("HomePage/blog/blog-articles__first-element"), STOP_ON_FAILURE): Object 'Object Repository/HomePage/blog/blog-articles__first-element' is visible

2022-07-27 16:03:39 - [MESSAGE][PASSED] - Object 'Object Repository/HomePage/blog/blog-articles__first-element' is visible

2022-07-27 16:03:39 - [TEST_STEP][PASSED] - comment("Sekcja 5 - Content"): Sekcja 5 - Content

2022-07-27 16:03:39 - [MESSAGE][INFO] - Sekcja 5 - Content

2022-07-27 16:03:39 - [TEST_STEP][PASSED] - verifyElementPresent(findTestObject("HomePage/content-boxes/content-section"), timeout): Object 'Object Repository/HomePage/content-boxes/content-section' is present

2022-07-27 16:03:39 - [MESSAGE][PASSED] - Object 'Object Repository/HomePage/content-boxes/content-section' is present

2022-07-27 16:03:39 - [TEST_STEP][PASSED] - verifyElementVisible(findTestObject("HomePage/content-boxes/content-section"), STOP_ON_FAILURE): Object 'Object Repository/HomePage/content-boxes/content-section' is visible

2022-07-27 16:03:39 - [MESSAGE][PASSED] - Object 'Object Repository/HomePage/content-boxes/content-section' is visible

2022-07-27 16:03:39 - [TEST_STEP][PASSED] - verifyElementPresent(findTestObject("HomePage/content-boxes/content-section__box-1"), timeout): Object 'Object Repository/HomePage/content-boxes/content-section__box-1' is present

2022-07-27 16:03:39 - [MESSAGE][PASSED] - Object 'Object Repository/HomePage/content-boxes/content-section__box-1' is present

2022-07-27 16:03:39 - [TEST_STEP][PASSED] - verifyElementVisible(findTestObject("HomePage/content-boxes/content-section__box-1"), STOP_ON_FAILURE): Object 'Object Repository/HomePage/content-boxes/content-section__box-1' is visible

2022-07-27 16:03:39 - [MESSAGE][PASSED] - Object 'Object Repository/HomePage/content-boxes/content-section__box-1' is visible

2022-07-27 16:03:39 - [TEST_STEP][PASSED] - verifyElementPresent(findTestObject("Object Repository/Mobile Objects/HomePage/content-section/content-2"), timeout): Object 'Object Repository/Mobile Objects/HomePage/content-section/content-2' is present

2022-07-27 16:03:39 - [MESSAGE][PASSED] - Object 'Object Repository/Mobile Objects/HomePage/content-section/content-2' is present

2022-07-27 16:03:39 - [TEST_STEP][PASSED] - verifyElementVisible(findTestObject("Object Repository/Mobile Objects/HomePage/content-section/content-2"), STOP_ON_FAILURE): Object 'Object Repository/Mobile Objects/HomePage/content-section/content-2' is visible

2022-07-27 16:03:39 - [MESSAGE][PASSED] - Object 'Object Repository/Mobile Objects/HomePage/content-section/content-2' is visible

2022-07-27 16:03:39 - [TEST_STEP][PASSED] - verifyElementPresent(findTestObject("Object Repository/Mobile Objects/HomePage/content-section/content-3"), timeout): Object 'Object Repository/Mobile Objects/HomePage/content-section/content-3' is present

2022-07-27 16:03:39 - [MESSAGE][PASSED] - Object 'Object Repository/Mobile Objects/HomePage/content-section/content-3' is present

2022-07-27 16:03:39 - [TEST_STEP][PASSED] - verifyElementVisible(findTestObject("Object Repository/Mobile Objects/HomePage/content-section/content-3"), STOP_ON_FAILURE): Object 'Object Repository/Mobile Objects/HomePage/content-section/content-3' is visible

2022-07-27 16:03:39 - [MESSAGE][PASSED] - Object 'Object Repository/Mobile Objects/HomePage/content-section/content-3' is visible

2022-07-27 16:03:39 - [TEST_STEP][PASSED] - comment("Koniec"): Koniec

2022-07-27 16:03:39 - [MESSAGE][INFO] - Koniec

2022-07-27 16:03:39 - [TEST_STEP][PASSED] - closeBrowser(): Browser is closed

2022-07-27 16:03:40 - [MESSAGE][PASSED] - Browser is closed]]></system-out>
         <system-err><![CDATA[]]></system-err>
      </testcase>
      <testcase name="Test Cases/Mobile Tests/Homepage/Nav and footer/footer-mobile" time="8.398" classname="Test Cases/Mobile Tests/Homepage/Nav and footer/footer-mobile" status="PASSED">
         <system-out><![CDATA[2022-07-27 16:03:40 - [TEST_CASE][PASSED] - Test Cases/Mobile Tests/Homepage/Nav and footer/footer-mobile: Test Cases/Mobile Tests/Homepage/Nav and footer/footer-mobile

2022-07-27 16:03:40 - [TEST_STEP][PASSED] - System.setProperty("webdriver.chrome.driver", getChromeDriverPath()): null

2022-07-27 16:03:40 - [TEST_STEP][PASSED] - mobileEmulation = new java.util.HashMap(): null

2022-07-27 16:03:40 - [TEST_STEP][PASSED] - mobileEmulation.put("deviceName", mobileDevice): null

2022-07-27 16:03:40 - [TEST_STEP][PASSED] - chromeOptions = new org.openqa.selenium.chrome.ChromeOptions(): null

2022-07-27 16:03:40 - [TEST_STEP][PASSED] - chromeOptions.setExperimentalOption("mobileEmulation", mobileEmulation): null

2022-07-27 16:03:40 - [TEST_STEP][PASSED] - driver = new org.openqa.selenium.chrome.ChromeDriver(chromeOptions): null

2022-07-27 16:03:42 - [TEST_STEP][PASSED] - changeWebDriver(driver): null

2022-07-27 16:03:42 - [TEST_STEP][PASSED] - navigate().to("https://r.pl/"): null

2022-07-27 16:03:45 - [TEST_STEP][PASSED] - waitForPageLoad(timeout): Wait for page load successfully

2022-07-27 16:03:45 - [MESSAGE][PASSED] - Wait for page load successfully

2022-07-27 16:03:45 - [TEST_STEP][PASSED] - verifyElementPresent(findTestObject("Object Repository/HomePage/Footer/footer-sekcja"), timeout): Object 'Object Repository/HomePage/Footer/footer-sekcja' is present

2022-07-27 16:03:45 - [MESSAGE][PASSED] - Object 'Object Repository/HomePage/Footer/footer-sekcja' is present

2022-07-27 16:03:45 - [TEST_STEP][PASSED] - verifyElementPresent(findTestObject("HomePage/Footer/footer-subsekcja-gorna"), timeout): Object 'Object Repository/HomePage/Footer/footer-subsekcja-gorna' is present

2022-07-27 16:03:46 - [MESSAGE][PASSED] - Object 'Object Repository/HomePage/Footer/footer-subsekcja-gorna' is present

2022-07-27 16:03:46 - [TEST_STEP][PASSED] - verifyElementPresent(findTestObject("Object Repository/HomePage/Footer/span_Call center"), timeout): Object 'Object Repository/HomePage/Footer/span_Call center' is present

2022-07-27 16:03:46 - [MESSAGE][PASSED] - Object 'Object Repository/HomePage/Footer/span_Call center' is present

2022-07-27 16:03:46 - [TEST_STEP][PASSED] - verifyElementText(findTestObject("Object Repository/HomePage/Footer/span_Call center"), "Call center"): Actual text and expected text of test object 'Object Repository/HomePage/Footer/span_Call center' are matched.

2022-07-27 16:03:46 - [MESSAGE][PASSED] - Actual text and expected text of test object 'Object Repository/HomePage/Footer/span_Call center' are matched.

2022-07-27 16:03:46 - [TEST_STEP][PASSED] - verifyElementPresent(findTestObject("Object Repository/HomePage/Footer/span_Mail"), timeout): Object 'Object Repository/HomePage/Footer/span_Mail' is present

2022-07-27 16:03:46 - [MESSAGE][PASSED] - Object 'Object Repository/HomePage/Footer/span_Mail' is present

2022-07-27 16:03:46 - [TEST_STEP][PASSED] - verifyElementText(findTestObject("Object Repository/HomePage/Footer/span_Mail"), "Mail"): Actual text and expected text of test object 'Object Repository/HomePage/Footer/span_Mail' are matched.

2022-07-27 16:03:46 - [MESSAGE][PASSED] - Actual text and expected text of test object 'Object Repository/HomePage/Footer/span_Mail' are matched.

2022-07-27 16:03:46 - [TEST_STEP][PASSED] - verifyElementPresent(findTestObject("Object Repository/HomePage/Footer/span_Biura Rainbow"), timeout): Object 'Object Repository/HomePage/Footer/span_Biura Rainbow' is present

2022-07-27 16:03:46 - [MESSAGE][PASSED] - Object 'Object Repository/HomePage/Footer/span_Biura Rainbow' is present

2022-07-27 16:03:46 - [TEST_STEP][PASSED] - verifyElementText(findTestObject("Object Repository/HomePage/Footer/span_Biura Rainbow"), "Biura Rainbow"): Actual text and expected text of test object 'Object Repository/HomePage/Footer/span_Biura Rainbow' are matched.

2022-07-27 16:03:46 - [MESSAGE][PASSED] - Actual text and expected text of test object 'Object Repository/HomePage/Footer/span_Biura Rainbow' are matched.

2022-07-27 16:03:46 - [TEST_STEP][PASSED] - verifyElementPresent(findTestObject("Object Repository/HomePage/Footer/newsletter-box"), timeout): Object 'Object Repository/HomePage/Footer/newsletter-box' is present

2022-07-27 16:03:46 - [MESSAGE][PASSED] - Object 'Object Repository/HomePage/Footer/newsletter-box' is present

2022-07-27 16:03:46 - [TEST_STEP][PASSED] - verifyElementPresent(findTestObject("Object Repository/HomePage/Footer/input_email"), timeout): Object 'Object Repository/HomePage/Footer/input_email' is present

2022-07-27 16:03:46 - [MESSAGE][PASSED] - Object 'Object Repository/HomePage/Footer/input_email' is present

2022-07-27 16:03:46 - [TEST_STEP][PASSED] - verifyElementClickable(findTestObject("Object Repository/HomePage/Footer/input_email"), STOP_ON_FAILURE): Object 'Object Repository/HomePage/Footer/input_email' is clickable

2022-07-27 16:03:46 - [MESSAGE][PASSED] - Object 'Object Repository/HomePage/Footer/input_email' is clickable

2022-07-27 16:03:46 - [TEST_STEP][PASSED] - verifyElementPresent(findTestObject("Object Repository/HomePage/Footer/input_btn"), timeout): Object 'Object Repository/HomePage/Footer/input_btn' is present

2022-07-27 16:03:46 - [MESSAGE][PASSED] - Object 'Object Repository/HomePage/Footer/input_btn' is present

2022-07-27 16:03:46 - [TEST_STEP][PASSED] - verifyElementClickable(findTestObject("Object Repository/HomePage/Footer/input_btn")): Object 'Object Repository/HomePage/Footer/input_btn' is clickable

2022-07-27 16:03:47 - [MESSAGE][PASSED] - Object 'Object Repository/HomePage/Footer/input_btn' is clickable

2022-07-27 16:03:47 - [TEST_STEP][PASSED] - verifyElementPresent(findTestObject("Object Repository/HomePage/Footer/footer-subsekcja-dolna"), timeout): Object 'Object Repository/HomePage/Footer/footer-subsekcja-dolna' is present

2022-07-27 16:03:47 - [MESSAGE][PASSED] - Object 'Object Repository/HomePage/Footer/footer-subsekcja-dolna' is present

2022-07-27 16:03:47 - [TEST_STEP][PASSED] - verifyElementPresent(findTestObject("Object Repository/HomePage/Footer/span_O nas"), timeout): Object 'Object Repository/HomePage/Footer/span_O nas' is present

2022-07-27 16:03:47 - [MESSAGE][PASSED] - Object 'Object Repository/HomePage/Footer/span_O nas' is present

2022-07-27 16:03:47 - [TEST_STEP][PASSED] - verifyElementText(findTestObject("Object Repository/HomePage/Footer/span_O nas"), "O nas"): Actual text and expected text of test object 'Object Repository/HomePage/Footer/span_O nas' are matched.

2022-07-27 16:03:47 - [MESSAGE][PASSED] - Actual text and expected text of test object 'Object Repository/HomePage/Footer/span_O nas' are matched.

2022-07-27 16:03:47 - [TEST_STEP][PASSED] - verifyElementPresent(findTestObject("Object Repository/HomePage/Footer/span_Dla klientw"), timeout): Object 'Object Repository/HomePage/Footer/span_Dla klientw' is present

2022-07-27 16:03:47 - [MESSAGE][PASSED] - Object 'Object Repository/HomePage/Footer/span_Dla klientw' is present

2022-07-27 16:03:47 - [TEST_STEP][PASSED] - verifyElementText(findTestObject("Object Repository/HomePage/Footer/span_Dla klientw"), "Dla klientów"): Actual text and expected text of test object 'Object Repository/HomePage/Footer/span_Dla klientw' are matched.

2022-07-27 16:03:47 - [MESSAGE][PASSED] - Actual text and expected text of test object 'Object Repository/HomePage/Footer/span_Dla klientw' are matched.

2022-07-27 16:03:47 - [TEST_STEP][PASSED] - verifyElementPresent(findTestObject("Object Repository/HomePage/Footer/span_Zasady korzystania"), timeout): Object 'Object Repository/HomePage/Footer/span_Zasady korzystania' is present

2022-07-27 16:03:47 - [MESSAGE][PASSED] - Object 'Object Repository/HomePage/Footer/span_Zasady korzystania' is present

2022-07-27 16:03:47 - [TEST_STEP][PASSED] - verifyElementText(findTestObject("Object Repository/HomePage/Footer/span_Zasady korzystania"), "Zasady korzystania"): Actual text and expected text of test object 'Object Repository/HomePage/Footer/span_Zasady korzystania' are matched.

2022-07-27 16:03:47 - [MESSAGE][PASSED] - Actual text and expected text of test object 'Object Repository/HomePage/Footer/span_Zasady korzystania' are matched.

2022-07-27 16:03:47 - [TEST_STEP][PASSED] - verifyElementPresent(findTestObject("Object Repository/HomePage/Footer/h2_Kanay patnoci"), timeout): Object 'Object Repository/HomePage/Footer/h2_Kanay patnoci' is present

2022-07-27 16:03:47 - [MESSAGE][PASSED] - Object 'Object Repository/HomePage/Footer/h2_Kanay patnoci' is present

2022-07-27 16:03:47 - [TEST_STEP][PASSED] - verifyElementText(findTestObject("Object Repository/HomePage/Footer/h2_Kanay patnoci"), "Kanały płatności"): Actual text and expected text of test object 'Object Repository/HomePage/Footer/h2_Kanay patnoci' are matched.

2022-07-27 16:03:47 - [MESSAGE][PASSED] - Actual text and expected text of test object 'Object Repository/HomePage/Footer/h2_Kanay patnoci' are matched.

2022-07-27 16:03:47 - [TEST_STEP][PASSED] - verifyElementPresent(findTestObject("Object Repository/HomePage/Footer/span_Usugi dodatkowe"), timeout): Object 'Object Repository/HomePage/Footer/span_Usugi dodatkowe' is present

2022-07-27 16:03:47 - [MESSAGE][PASSED] - Object 'Object Repository/HomePage/Footer/span_Usugi dodatkowe' is present

2022-07-27 16:03:47 - [TEST_STEP][PASSED] - verifyElementText(findTestObject("Object Repository/HomePage/Footer/span_Usugi dodatkowe"), "Usługi dodatkowe"): Actual text and expected text of test object 'Object Repository/HomePage/Footer/span_Usugi dodatkowe' are matched.

2022-07-27 16:03:48 - [MESSAGE][PASSED] - Actual text and expected text of test object 'Object Repository/HomePage/Footer/span_Usugi dodatkowe' are matched.

2022-07-27 16:03:48 - [TEST_STEP][PASSED] - verifyElementPresent(findTestObject("Object Repository/HomePage/Footer/h2_Social media"), timeout): Object 'Object Repository/HomePage/Footer/h2_Social media' is present

2022-07-27 16:03:48 - [MESSAGE][PASSED] - Object 'Object Repository/HomePage/Footer/h2_Social media' is present

2022-07-27 16:03:48 - [TEST_STEP][PASSED] - verifyElementText(findTestObject("Object Repository/HomePage/Footer/h2_Social media"), "Social media"): Actual text and expected text of test object 'Object Repository/HomePage/Footer/h2_Social media' are matched.

2022-07-27 16:03:48 - [MESSAGE][PASSED] - Actual text and expected text of test object 'Object Repository/HomePage/Footer/h2_Social media' are matched.

2022-07-27 16:03:48 - [TEST_STEP][PASSED] - closeBrowser(): Browser is closed

2022-07-27 16:03:48 - [MESSAGE][PASSED] - Browser is closed]]></system-out>
         <system-err><![CDATA[]]></system-err>
      </testcase>
      <testcase name="Test Cases/Mobile Tests/Homepage/Nav and footer/nav-mobile" time="11.525" classname="Test Cases/Mobile Tests/Homepage/Nav and footer/nav-mobile" status="PASSED">
         <system-out><![CDATA[2022-07-27 16:03:48 - [TEST_CASE][PASSED] - Test Cases/Mobile Tests/Homepage/Nav and footer/nav-mobile: Test Cases/Mobile Tests/Homepage/Nav and footer/nav-mobile

2022-07-27 16:03:49 - [TEST_STEP][PASSED] - System.setProperty("webdriver.chrome.driver", getChromeDriverPath()): null

2022-07-27 16:03:49 - [TEST_STEP][PASSED] - mobileEmulation = new java.util.HashMap(): null

2022-07-27 16:03:49 - [TEST_STEP][PASSED] - mobileEmulation.put("deviceName", mobileDevice): null

2022-07-27 16:03:49 - [TEST_STEP][PASSED] - chromeOptions = new org.openqa.selenium.chrome.ChromeOptions(): null

2022-07-27 16:03:49 - [TEST_STEP][PASSED] - chromeOptions.setExperimentalOption("mobileEmulation", mobileEmulation): null

2022-07-27 16:03:49 - [TEST_STEP][PASSED] - driver = new org.openqa.selenium.chrome.ChromeDriver(chromeOptions): null

2022-07-27 16:03:50 - [TEST_STEP][PASSED] - changeWebDriver(driver): null

2022-07-27 16:03:50 - [TEST_STEP][PASSED] - navigate().to("https://r.pl/"): null

2022-07-27 16:03:53 - [TEST_STEP][PASSED] - click(findTestObject("HomePage/zamknijCiastka")): Object: 'Object Repository/HomePage/zamknijCiastka' is clicked on

2022-07-27 16:03:53 - [MESSAGE][PASSED] - Object: 'Object Repository/HomePage/zamknijCiastka' is clicked on

2022-07-27 16:03:53 - [TEST_STEP][PASSED] - click(findTestObject("Object Repository/Mobile Objects/HomePage/nav/burger")): Object: 'Object Repository/Mobile Objects/HomePage/nav/burger' is clicked on

2022-07-27 16:03:53 - [MESSAGE][PASSED] - Object: 'Object Repository/Mobile Objects/HomePage/nav/burger' is clicked on

2022-07-27 16:03:53 - [TEST_STEP][PASSED] - comment("Offerta"): Offerta

2022-07-27 16:03:53 - [MESSAGE][INFO] - Offerta

2022-07-27 16:03:53 - [TEST_STEP][PASSED] - verifyElementPresent(findTestObject("Object Repository/Mobile Objects/HomePage/nav/Oferta-akord"), 0): Object 'Object Repository/Mobile Objects/HomePage/nav/Oferta-akord' is present

2022-07-27 16:03:53 - [MESSAGE][WARNING] - Timeout '0' is invalid. Using default page load timeout: '60'

2022-07-27 16:03:53 - [MESSAGE][PASSED] - Object 'Object Repository/Mobile Objects/HomePage/nav/Oferta-akord' is present

2022-07-27 16:03:53 - [TEST_STEP][PASSED] - verifyElementClickable(findTestObject("Object Repository/Mobile Objects/HomePage/nav/Oferta-akord")): Object 'Object Repository/Mobile Objects/HomePage/nav/Oferta-akord' is clickable

2022-07-27 16:03:53 - [MESSAGE][PASSED] - Object 'Object Repository/Mobile Objects/HomePage/nav/Oferta-akord' is clickable

2022-07-27 16:03:53 - [TEST_STEP][PASSED] - click(findTestObject("Object Repository/Mobile Objects/HomePage/nav/Oferta-akord")): Object: 'Object Repository/Mobile Objects/HomePage/nav/Oferta-akord' is clicked on

2022-07-27 16:03:53 - [MESSAGE][PASSED] - Object: 'Object Repository/Mobile Objects/HomePage/nav/Oferta-akord' is clicked on

2022-07-27 16:03:53 - [TEST_STEP][PASSED] - verifyElementPresent(findTestObject("Object Repository/Mobile Objects/HomePage/nav/deal_Lato 2022"), 0): Object 'Object Repository/Mobile Objects/HomePage/nav/deal_Lato 2022' is present

2022-07-27 16:03:53 - [MESSAGE][WARNING] - Timeout '0' is invalid. Using default page load timeout: '60'

2022-07-27 16:03:53 - [MESSAGE][PASSED] - Object 'Object Repository/Mobile Objects/HomePage/nav/deal_Lato 2022' is present

2022-07-27 16:03:53 - [TEST_STEP][PASSED] - verifyElementClickable(findTestObject("Object Repository/Mobile Objects/HomePage/nav/deal_Lato 2022"), STOP_ON_FAILURE): Object 'Object Repository/Mobile Objects/HomePage/nav/deal_Lato 2022' is clickable

2022-07-27 16:03:54 - [MESSAGE][PASSED] - Object 'Object Repository/Mobile Objects/HomePage/nav/deal_Lato 2022' is clickable

2022-07-27 16:03:54 - [TEST_STEP][PASSED] - verifyElementPresent(findTestObject("Object Repository/Mobile Objects/HomePage/nav/deal_Zima 20222023 Second Minute"), 0): Object 'Object Repository/Mobile Objects/HomePage/nav/deal_Zima 20222023 Second Minute' is present

2022-07-27 16:03:54 - [MESSAGE][WARNING] - Timeout '0' is invalid. Using default page load timeout: '60'

2022-07-27 16:03:54 - [MESSAGE][PASSED] - Object 'Object Repository/Mobile Objects/HomePage/nav/deal_Zima 20222023 Second Minute' is present

2022-07-27 16:03:54 - [TEST_STEP][PASSED] - verifyElementClickable(findTestObject("Object Repository/Mobile Objects/HomePage/nav/deal_Zima 20222023 Second Minute"), STOP_ON_FAILURE): Object 'Object Repository/Mobile Objects/HomePage/nav/deal_Zima 20222023 Second Minute' is clickable

2022-07-27 16:03:54 - [MESSAGE][PASSED] - Object 'Object Repository/Mobile Objects/HomePage/nav/deal_Zima 20222023 Second Minute' is clickable

2022-07-27 16:03:54 - [TEST_STEP][PASSED] - verifyElementPresent(findTestObject("Object Repository/Mobile Objects/HomePage/nav/deal_Wypoczynek i zwiedzanie"), 0): Object 'Object Repository/Mobile Objects/HomePage/nav/deal_Wypoczynek i zwiedzanie' is present

2022-07-27 16:03:54 - [MESSAGE][WARNING] - Timeout '0' is invalid. Using default page load timeout: '60'

2022-07-27 16:03:54 - [MESSAGE][PASSED] - Object 'Object Repository/Mobile Objects/HomePage/nav/deal_Wypoczynek i zwiedzanie' is present

2022-07-27 16:03:54 - [TEST_STEP][PASSED] - verifyElementClickable(findTestObject("Object Repository/Mobile Objects/HomePage/nav/deal_Wypoczynek i zwiedzanie"), STOP_ON_FAILURE): Object 'Object Repository/Mobile Objects/HomePage/nav/deal_Wypoczynek i zwiedzanie' is clickable

2022-07-27 16:03:54 - [MESSAGE][PASSED] - Object 'Object Repository/Mobile Objects/HomePage/nav/deal_Wypoczynek i zwiedzanie' is clickable

2022-07-27 16:03:54 - [TEST_STEP][PASSED] - verifyElementPresent(findTestObject("Object Repository/Mobile Objects/HomePage/nav/deal_Wycieczki objazdowe"), 0): Object 'Object Repository/Mobile Objects/HomePage/nav/deal_Wycieczki objazdowe' is present

2022-07-27 16:03:54 - [MESSAGE][WARNING] - Timeout '0' is invalid. Using default page load timeout: '60'

2022-07-27 16:03:54 - [MESSAGE][PASSED] - Object 'Object Repository/Mobile Objects/HomePage/nav/deal_Wycieczki objazdowe' is present

2022-07-27 16:03:54 - [TEST_STEP][PASSED] - verifyElementClickable(findTestObject("Object Repository/Mobile Objects/HomePage/nav/deal_Wycieczki objazdowe"), STOP_ON_FAILURE): Object 'Object Repository/Mobile Objects/HomePage/nav/deal_Wycieczki objazdowe' is clickable

2022-07-27 16:03:54 - [MESSAGE][PASSED] - Object 'Object Repository/Mobile Objects/HomePage/nav/deal_Wycieczki objazdowe' is clickable

2022-07-27 16:03:54 - [TEST_STEP][PASSED] - verifyElementPresent(findTestObject("Object Repository/Mobile Objects/HomePage/nav/deal_Dojazd wasny"), 0): Object 'Object Repository/Mobile Objects/HomePage/nav/deal_Dojazd wasny' is present

2022-07-27 16:03:54 - [MESSAGE][WARNING] - Timeout '0' is invalid. Using default page load timeout: '60'

2022-07-27 16:03:54 - [MESSAGE][PASSED] - Object 'Object Repository/Mobile Objects/HomePage/nav/deal_Dojazd wasny' is present

2022-07-27 16:03:54 - [TEST_STEP][PASSED] - verifyElementClickable(findTestObject("Object Repository/Mobile Objects/HomePage/nav/deal_Dojazd wasny"), STOP_ON_FAILURE): Object 'Object Repository/Mobile Objects/HomePage/nav/deal_Dojazd wasny' is clickable

2022-07-27 16:03:54 - [MESSAGE][PASSED] - Object 'Object Repository/Mobile Objects/HomePage/nav/deal_Dojazd wasny' is clickable

2022-07-27 16:03:54 - [TEST_STEP][PASSED] - verifyElementPresent(findTestObject("Object Repository/Mobile Objects/HomePage/nav/deal_All inclusive"), 0): Object 'Object Repository/Mobile Objects/HomePage/nav/deal_All inclusive' is present

2022-07-27 16:03:54 - [MESSAGE][WARNING] - Timeout '0' is invalid. Using default page load timeout: '60'

2022-07-27 16:03:54 - [MESSAGE][PASSED] - Object 'Object Repository/Mobile Objects/HomePage/nav/deal_All inclusive' is present

2022-07-27 16:03:54 - [TEST_STEP][PASSED] - verifyElementClickable(findTestObject("Object Repository/Mobile Objects/HomePage/nav/deal_All inclusive"), STOP_ON_FAILURE): Object 'Object Repository/Mobile Objects/HomePage/nav/deal_All inclusive' is clickable

2022-07-27 16:03:54 - [MESSAGE][PASSED] - Object 'Object Repository/Mobile Objects/HomePage/nav/deal_All inclusive' is clickable

2022-07-27 16:03:54 - [TEST_STEP][PASSED] - verifyElementPresent(findTestObject("Object Repository/Mobile Objects/HomePage/nav/deal_Hotele Elite"), 0): Object 'Object Repository/Mobile Objects/HomePage/nav/deal_Hotele Elite' is present

2022-07-27 16:03:54 - [MESSAGE][WARNING] - Timeout '0' is invalid. Using default page load timeout: '60'

2022-07-27 16:03:54 - [MESSAGE][PASSED] - Object 'Object Repository/Mobile Objects/HomePage/nav/deal_Hotele Elite' is present

2022-07-27 16:03:54 - [TEST_STEP][PASSED] - verifyElementClickable(findTestObject("Object Repository/Mobile Objects/HomePage/nav/deal_Hotele Elite"), STOP_ON_FAILURE): Object 'Object Repository/Mobile Objects/HomePage/nav/deal_Hotele Elite' is clickable

2022-07-27 16:03:54 - [MESSAGE][PASSED] - Object 'Object Repository/Mobile Objects/HomePage/nav/deal_Hotele Elite' is clickable

2022-07-27 16:03:54 - [TEST_STEP][PASSED] - verifyElementPresent(findTestObject("Object Repository/Mobile Objects/HomePage/nav/deal_Wakacje z dziemi"), 0): Object 'Object Repository/Mobile Objects/HomePage/nav/deal_Wakacje z dziemi' is present

2022-07-27 16:03:55 - [MESSAGE][WARNING] - Timeout '0' is invalid. Using default page load timeout: '60'

2022-07-27 16:03:55 - [MESSAGE][PASSED] - Object 'Object Repository/Mobile Objects/HomePage/nav/deal_Wakacje z dziemi' is present

2022-07-27 16:03:55 - [TEST_STEP][PASSED] - verifyElementClickable(findTestObject("Object Repository/Mobile Objects/HomePage/nav/deal_Wakacje z dziemi"), STOP_ON_FAILURE): Object 'Object Repository/Mobile Objects/HomePage/nav/deal_Wakacje z dziemi' is clickable

2022-07-27 16:03:55 - [MESSAGE][PASSED] - Object 'Object Repository/Mobile Objects/HomePage/nav/deal_Wakacje z dziemi' is clickable

2022-07-27 16:03:55 - [TEST_STEP][PASSED] - verifyElementPresent(findTestObject("Object Repository/Mobile Objects/HomePage/nav/deal_Hotele White Olive"), 0): Object 'Object Repository/Mobile Objects/HomePage/nav/deal_Hotele White Olive' is present

2022-07-27 16:03:55 - [MESSAGE][WARNING] - Timeout '0' is invalid. Using default page load timeout: '60'

2022-07-27 16:03:55 - [MESSAGE][PASSED] - Object 'Object Repository/Mobile Objects/HomePage/nav/deal_Hotele White Olive' is present

2022-07-27 16:03:55 - [TEST_STEP][PASSED] - verifyElementClickable(findTestObject("Object Repository/Mobile Objects/HomePage/nav/deal_Hotele White Olive"), STOP_ON_FAILURE): Object 'Object Repository/Mobile Objects/HomePage/nav/deal_Hotele White Olive' is clickable

2022-07-27 16:03:55 - [MESSAGE][PASSED] - Object 'Object Repository/Mobile Objects/HomePage/nav/deal_Hotele White Olive' is clickable

2022-07-27 16:03:55 - [TEST_STEP][PASSED] - verifyElementPresent(findTestObject("Object Repository/Mobile Objects/HomePage/nav/deal_Autokarem z Polski"), 0): Object 'Object Repository/Mobile Objects/HomePage/nav/deal_Autokarem z Polski' is present

2022-07-27 16:03:55 - [MESSAGE][WARNING] - Timeout '0' is invalid. Using default page load timeout: '60'

2022-07-27 16:03:55 - [MESSAGE][PASSED] - Object 'Object Repository/Mobile Objects/HomePage/nav/deal_Autokarem z Polski' is present

2022-07-27 16:03:55 - [TEST_STEP][PASSED] - verifyElementClickable(findTestObject("Object Repository/Mobile Objects/HomePage/nav/deal_Autokarem z Polski"), STOP_ON_FAILURE): Object 'Object Repository/Mobile Objects/HomePage/nav/deal_Autokarem z Polski' is clickable

2022-07-27 16:03:55 - [MESSAGE][PASSED] - Object 'Object Repository/Mobile Objects/HomePage/nav/deal_Autokarem z Polski' is clickable

2022-07-27 16:03:55 - [TEST_STEP][PASSED] - verifyElementPresent(findTestObject("Object Repository/Mobile Objects/HomePage/nav/deal_Rejsy"), 0): Object 'Object Repository/Mobile Objects/HomePage/nav/deal_Rejsy' is present

2022-07-27 16:03:55 - [MESSAGE][WARNING] - Timeout '0' is invalid. Using default page load timeout: '60'

2022-07-27 16:03:55 - [MESSAGE][PASSED] - Object 'Object Repository/Mobile Objects/HomePage/nav/deal_Rejsy' is present

2022-07-27 16:03:55 - [TEST_STEP][PASSED] - verifyElementClickable(findTestObject("Object Repository/Mobile Objects/HomePage/nav/deal_Rejsy"), STOP_ON_FAILURE): Object 'Object Repository/Mobile Objects/HomePage/nav/deal_Rejsy' is clickable

2022-07-27 16:03:55 - [MESSAGE][PASSED] - Object 'Object Repository/Mobile Objects/HomePage/nav/deal_Rejsy' is clickable

2022-07-27 16:03:55 - [TEST_STEP][PASSED] - verifyElementPresent(findTestObject("Object Repository/Mobile Objects/HomePage/nav/deal_Wakacje w Polsce"), 0): Object 'Object Repository/Mobile Objects/HomePage/nav/deal_Wakacje w Polsce' is present

2022-07-27 16:03:55 - [MESSAGE][WARNING] - Timeout '0' is invalid. Using default page load timeout: '60'

2022-07-27 16:03:55 - [MESSAGE][PASSED] - Object 'Object Repository/Mobile Objects/HomePage/nav/deal_Wakacje w Polsce' is present

2022-07-27 16:03:55 - [TEST_STEP][PASSED] - verifyElementClickable(findTestObject("Object Repository/Mobile Objects/HomePage/nav/deal_Wakacje w Polsce"), STOP_ON_FAILURE): Object 'Object Repository/Mobile Objects/HomePage/nav/deal_Wakacje w Polsce' is clickable

2022-07-27 16:03:55 - [MESSAGE][PASSED] - Object 'Object Repository/Mobile Objects/HomePage/nav/deal_Wakacje w Polsce' is clickable

2022-07-27 16:03:55 - [TEST_STEP][PASSED] - verifyElementPresent(findTestObject("Object Repository/Mobile Objects/HomePage/nav/deal_Krotki urlop"), 0): Object 'Object Repository/Mobile Objects/HomePage/nav/deal_Krotki urlop' is present

2022-07-27 16:03:55 - [MESSAGE][WARNING] - Timeout '0' is invalid. Using default page load timeout: '60'

2022-07-27 16:03:55 - [MESSAGE][PASSED] - Object 'Object Repository/Mobile Objects/HomePage/nav/deal_Krotki urlop' is present

2022-07-27 16:03:55 - [TEST_STEP][PASSED] - verifyElementClickable(findTestObject("Object Repository/Mobile Objects/HomePage/nav/deal_Krotki urlop"), STOP_ON_FAILURE): Object 'Object Repository/Mobile Objects/HomePage/nav/deal_Krotki urlop' is clickable

2022-07-27 16:03:55 - [MESSAGE][PASSED] - Object 'Object Repository/Mobile Objects/HomePage/nav/deal_Krotki urlop' is clickable

2022-07-27 16:03:55 - [TEST_STEP][PASSED] - verifyElementPresent(findTestObject("Object Repository/Mobile Objects/HomePage/nav/deal_City Break"), 0): Object 'Object Repository/Mobile Objects/HomePage/nav/deal_City Break' is present

2022-07-27 16:03:55 - [MESSAGE][WARNING] - Timeout '0' is invalid. Using default page load timeout: '60'

2022-07-27 16:03:55 - [MESSAGE][PASSED] - Object 'Object Repository/Mobile Objects/HomePage/nav/deal_City Break' is present

2022-07-27 16:03:55 - [TEST_STEP][PASSED] - verifyElementClickable(findTestObject("Object Repository/Mobile Objects/HomePage/nav/deal_City Break"), STOP_ON_FAILURE): Object 'Object Repository/Mobile Objects/HomePage/nav/deal_City Break' is clickable

2022-07-27 16:03:55 - [MESSAGE][PASSED] - Object 'Object Repository/Mobile Objects/HomePage/nav/deal_City Break' is clickable

2022-07-27 16:03:55 - [TEST_STEP][PASSED] - verifyElementPresent(findTestObject("Object Repository/Mobile Objects/HomePage/nav/deal_Wycieczki fakultatywne"), 0): Object 'Object Repository/Mobile Objects/HomePage/nav/deal_Wycieczki fakultatywne' is present

2022-07-27 16:03:55 - [MESSAGE][WARNING] - Timeout '0' is invalid. Using default page load timeout: '60'

2022-07-27 16:03:56 - [MESSAGE][PASSED] - Object 'Object Repository/Mobile Objects/HomePage/nav/deal_Wycieczki fakultatywne' is present

2022-07-27 16:03:56 - [TEST_STEP][PASSED] - verifyElementClickable(findTestObject("Object Repository/Mobile Objects/HomePage/nav/deal_Wycieczki fakultatywne"), STOP_ON_FAILURE): Object 'Object Repository/Mobile Objects/HomePage/nav/deal_Wycieczki fakultatywne' is clickable

2022-07-27 16:03:56 - [MESSAGE][PASSED] - Object 'Object Repository/Mobile Objects/HomePage/nav/deal_Wycieczki fakultatywne' is clickable

2022-07-27 16:03:56 - [TEST_STEP][PASSED] - verifyElementPresent(findTestObject("Object Repository/Mobile Objects/HomePage/nav/deal_Przelot Dreamlinerem"), 0): Object 'Object Repository/Mobile Objects/HomePage/nav/deal_Przelot Dreamlinerem' is present

2022-07-27 16:03:56 - [MESSAGE][WARNING] - Timeout '0' is invalid. Using default page load timeout: '60'

2022-07-27 16:03:56 - [MESSAGE][PASSED] - Object 'Object Repository/Mobile Objects/HomePage/nav/deal_Przelot Dreamlinerem' is present

2022-07-27 16:03:56 - [TEST_STEP][PASSED] - verifyElementClickable(findTestObject("Object Repository/Mobile Objects/HomePage/nav/deal_Przelot Dreamlinerem"), STOP_ON_FAILURE): Object 'Object Repository/Mobile Objects/HomePage/nav/deal_Przelot Dreamlinerem' is clickable

2022-07-27 16:03:56 - [MESSAGE][PASSED] - Object 'Object Repository/Mobile Objects/HomePage/nav/deal_Przelot Dreamlinerem' is clickable

2022-07-27 16:03:56 - [TEST_STEP][PASSED] - verifyElementPresent(findTestObject("Object Repository/Mobile Objects/HomePage/nav/deal_Parking przy lotnisku"), 0): Object 'Object Repository/Mobile Objects/HomePage/nav/deal_Parking przy lotnisku' is present

2022-07-27 16:03:56 - [MESSAGE][WARNING] - Timeout '0' is invalid. Using default page load timeout: '60'

2022-07-27 16:03:56 - [MESSAGE][PASSED] - Object 'Object Repository/Mobile Objects/HomePage/nav/deal_Parking przy lotnisku' is present

2022-07-27 16:03:56 - [TEST_STEP][PASSED] - verifyElementClickable(findTestObject("Object Repository/Mobile Objects/HomePage/nav/deal_Parking przy lotnisku"), STOP_ON_FAILURE): Object 'Object Repository/Mobile Objects/HomePage/nav/deal_Parking przy lotnisku' is clickable

2022-07-27 16:03:56 - [MESSAGE][PASSED] - Object 'Object Repository/Mobile Objects/HomePage/nav/deal_Parking przy lotnisku' is clickable

2022-07-27 16:03:56 - [TEST_STEP][PASSED] - verifyElementPresent(findTestObject("Object Repository/Mobile Objects/HomePage/nav/deal_Ubezpieczenia podrne"), 0): Object 'Object Repository/Mobile Objects/HomePage/nav/deal_Ubezpieczenia podrne' is present

2022-07-27 16:03:56 - [MESSAGE][WARNING] - Timeout '0' is invalid. Using default page load timeout: '60'

2022-07-27 16:03:56 - [MESSAGE][PASSED] - Object 'Object Repository/Mobile Objects/HomePage/nav/deal_Ubezpieczenia podrne' is present

2022-07-27 16:03:56 - [TEST_STEP][PASSED] - verifyElementClickable(findTestObject("Object Repository/Mobile Objects/HomePage/nav/deal_Ubezpieczenia podrne"), STOP_ON_FAILURE): Object 'Object Repository/Mobile Objects/HomePage/nav/deal_Ubezpieczenia podrne' is clickable

2022-07-27 16:03:56 - [MESSAGE][PASSED] - Object 'Object Repository/Mobile Objects/HomePage/nav/deal_Ubezpieczenia podrne' is clickable

2022-07-27 16:03:56 - [TEST_STEP][PASSED] - verifyElementPresent(findTestObject("Object Repository/Mobile Objects/HomePage/nav/deal_Wszystkie kierunki"), 0): Object 'Object Repository/Mobile Objects/HomePage/nav/deal_Wszystkie kierunki' is present

[...]

2022-07-27 16:14:37 - [TEST_STEP][PASSED] - search.filterQueryCheck.clickFilterUnclick(findTestObject("Mobile Objects/SearchPage/filtry-boczne/wyzywienie/Bez wyywienia"), timeout, 0, wyzywienie[4]): search.filterQueryCheck.clickFilterUnclick is PASSED

2022-07-27 16:14:37 - [MESSAGE][PASSED] - Object: 'Object Repository/Mobile Objects/SearchPage/filtry-boczne/wyzywienie/Bez wyywienia' is clicked on

2022-07-27 16:14:40 - [MESSAGE][PASSED] - Delayed 3 second(s)

2022-07-27 16:14:40 - [MESSAGE][PASSED] - Current window's url is: 'https://r.pl/szukaj?datyUrodzenia[]=1992-01-01&datyUrodzenia[]=1992-01-01&liczbaPokoi=1&sortowanie=popularne-desc&widok=filter&cena[]=avg&dlugoscPobytu[]=%2A-%2A&typTransportu[]=AIR&typTransportu[]=dreamliner&wyzywienia[]=bez-wyzywienia'

2022-07-27 16:14:41 - [MESSAGE][PASSED] - Object: 'Object Repository/Mobile Objects/SearchPage/filtry-boczne/wyzywienie/Bez wyywienia' is clicked on

2022-07-27 16:14:44 - [MESSAGE][PASSED] - Delayed 3 second(s)

2022-07-27 16:14:44 - [MESSAGE][PASSED] - search.filterQueryCheck.clickFilterUnclick is PASSED

2022-07-27 16:14:44 - [TEST_STEP][PASSED] - search.filterQueryCheck.clickFilterUnclick(findTestObject("Mobile Objects/SearchPage/filtry-boczne/wyzywienie/All inclusive"), timeout, 0, wyzywienie[0]): search.filterQueryCheck.clickFilterUnclick is PASSED

2022-07-27 16:14:44 - [MESSAGE][PASSED] - Object: 'Object Repository/Mobile Objects/SearchPage/filtry-boczne/wyzywienie/All inclusive' is clicked on

2022-07-27 16:14:47 - [MESSAGE][PASSED] - Delayed 3 second(s)

2022-07-27 16:14:47 - [MESSAGE][PASSED] - Current window's url is: 'https://r.pl/all-inclusive?datyUrodzenia[]=1992-01-01&datyUrodzenia[]=1992-01-01&liczbaPokoi=1&sortowanie=popularne-desc&widok=filter&cena[]=avg&dlugoscPobytu[]=%2A-%2A&typTransportu[]=AIR&typTransportu[]=dreamliner&wyzywienia[]=all-inclusive'

2022-07-27 16:14:47 - [MESSAGE][PASSED] - Object: 'Object Repository/Mobile Objects/SearchPage/filtry-boczne/wyzywienie/All inclusive' is clicked on

2022-07-27 16:14:50 - [MESSAGE][PASSED] - Delayed 3 second(s)

2022-07-27 16:14:50 - [MESSAGE][PASSED] - search.filterQueryCheck.clickFilterUnclick is PASSED

2022-07-27 16:14:50 - [TEST_STEP][PASSED] - closeBrowser(): Browser is closed

2022-07-27 16:14:51 - [MESSAGE][PASSED] - Browser is closed]]></system-out>
         <system-err><![CDATA[]]></system-err>
      </testcase>
      <testcase name="Test Cases/Mobile Tests/SEO/check-seo-mobile" time="7.74" classname="Test Cases/Mobile Tests/SEO/check-seo-mobile" status="PASSED">
         <system-out><![CDATA[2022-07-27 16:14:51 - [TEST_CASE][PASSED] - Test Cases/Mobile Tests/SEO/check-seo-mobile: Test Cases/Mobile Tests/SEO/check-seo-mobile

2022-07-27 16:14:51 - [TEST_STEP][PASSED] - System.setProperty("webdriver.chrome.driver", getChromeDriverPath()): null

2022-07-27 16:14:51 - [TEST_STEP][PASSED] - mobileEmulation = new java.util.HashMap(): null

2022-07-27 16:14:51 - [TEST_STEP][PASSED] - mobileEmulation.put("deviceName", mobileDevice): null

2022-07-27 16:14:51 - [TEST_STEP][PASSED] - chromeOptions = new org.openqa.selenium.chrome.ChromeOptions(): null

2022-07-27 16:14:51 - [TEST_STEP][PASSED] - chromeOptions.setExperimentalOption("mobileEmulation", mobileEmulation): null

2022-07-27 16:14:51 - [TEST_STEP][PASSED] - driver = new org.openqa.selenium.chrome.ChromeDriver(chromeOptions): null

2022-07-27 16:14:52 - [TEST_STEP][PASSED] - changeWebDriver(driver): null

2022-07-27 16:14:52 - [TEST_STEP][PASSED] - navigate().to(baseUrl + slug): null

2022-07-27 16:14:55 - [TEST_STEP][PASSED] - if (verifyElementClickable(findTestObject("SeoContentSearchPage/zamknijCiastka"), OPTIONAL)): null

2022-07-27 16:14:55 - [MESSAGE][PASSED] - Object 'Object Repository/SeoContentSearchPage/zamknijCiastka' is clickable

2022-07-27 16:14:55 - [TEST_STEP][PASSED] - click(findTestObject("SeoContentSearchPage/zamknijCiastka")): Object: 'Object Repository/SeoContentSearchPage/zamknijCiastka' is clicked on

2022-07-27 16:14:55 - [MESSAGE][PASSED] - Object: 'Object Repository/SeoContentSearchPage/zamknijCiastka' is clicked on

2022-07-27 16:14:55 - [TEST_STEP][PASSED] - comment("Sekcja seo"): Sekcja seo

2022-07-27 16:14:55 - [MESSAGE][INFO] - Sekcja seo

2022-07-27 16:14:55 - [TEST_STEP][PASSED] - if (!(waitForElementPresent(findTestObject("SeoContentSearchPage/content-bluebg-section"), 1, OPTIONAL))): Object 'Object Repository/SeoContentSearchPage/content-bluebg-section' is present

2022-07-27 16:14:56 - [MESSAGE][PASSED] - Object 'Object Repository/SeoContentSearchPage/content-bluebg-section' is present

2022-07-27 16:14:56 - [TEST_STEP][PASSED] - verifyElementPresent(findTestObject("SeoContentSearchPage/content-bluebg-section"), 1): Object 'Object Repository/SeoContentSearchPage/content-bluebg-section' is present

2022-07-27 16:14:56 - [MESSAGE][PASSED] - Object 'Object Repository/SeoContentSearchPage/content-bluebg-section' is present

2022-07-27 16:14:56 - [TEST_STEP][PASSED] - verifyElementVisible(findTestObject("SeoContentSearchPage/content-bluebg-section")): Object 'Object Repository/SeoContentSearchPage/content-bluebg-section' is visible

2022-07-27 16:14:56 - [MESSAGE][PASSED] - Object 'Object Repository/SeoContentSearchPage/content-bluebg-section' is visible

2022-07-27 16:14:56 - [TEST_STEP][PASSED] - verifyElementPresent(findTestObject("SeoContentSearchPage/content-seo-container"), 1): Object 'Object Repository/SeoContentSearchPage/content-seo-container' is present

2022-07-27 16:14:56 - [MESSAGE][PASSED] - Object 'Object Repository/SeoContentSearchPage/content-seo-container' is present

2022-07-27 16:14:56 - [TEST_STEP][PASSED] - verifyElementVisible(findTestObject("SeoContentSearchPage/content-seo-container")): Object 'Object Repository/SeoContentSearchPage/content-seo-container' is visible

2022-07-27 16:14:56 - [MESSAGE][PASSED] - Object 'Object Repository/SeoContentSearchPage/content-seo-container' is visible

2022-07-27 16:14:56 - [TEST_STEP][PASSED] - comment("Elementy sekcji"): Elementy sekcji

2022-07-27 16:14:56 - [MESSAGE][INFO] - Elementy sekcji

2022-07-27 16:14:56 - [TEST_STEP][PASSED] - verifyElementPresent(findTestObject("SeoContentSearchPage/destination-content-general"), 1): Object 'Object Repository/SeoContentSearchPage/destination-content-general' is present

2022-07-27 16:14:56 - [MESSAGE][PASSED] - Object 'Object Repository/SeoContentSearchPage/destination-content-general' is present

2022-07-27 16:14:56 - [TEST_STEP][PASSED] - verifyElementVisible(findTestObject("SeoContentSearchPage/destination-content-general")): Object 'Object Repository/SeoContentSearchPage/destination-content-general' is visible

2022-07-27 16:14:56 - [MESSAGE][PASSED] - Object 'Object Repository/SeoContentSearchPage/destination-content-general' is visible

2022-07-27 16:14:56 - [TEST_STEP][PASSED] - verifyElementPresent(findTestObject("SeoContentSearchPage/destination-box"), 1): Object 'Object Repository/SeoContentSearchPage/destination-box' is present

2022-07-27 16:14:56 - [MESSAGE][PASSED] - Object 'Object Repository/SeoContentSearchPage/destination-box' is present

2022-07-27 16:14:56 - [TEST_STEP][PASSED] - verifyElementVisible(findTestObject("SeoContentSearchPage/destination-box")): Object 'Object Repository/SeoContentSearchPage/destination-box' is visible

2022-07-27 16:14:56 - [MESSAGE][PASSED] - Object 'Object Repository/SeoContentSearchPage/destination-box' is visible

2022-07-27 16:14:56 - [TEST_STEP][PASSED] - verifyElementPresent(findTestObject("SeoContentSearchPage/destination-articles"), 1): Object 'Object Repository/SeoContentSearchPage/destination-articles' is present

2022-07-27 16:14:56 - [MESSAGE][PASSED] - Object 'Object Repository/SeoContentSearchPage/destination-articles' is present

2022-07-27 16:14:56 - [TEST_STEP][PASSED] - verifyElementPresent(findTestObject("SeoContentSearchPage/destination-articles"), 1): Object 'Object Repository/SeoContentSearchPage/destination-articles' is present

2022-07-27 16:14:56 - [MESSAGE][PASSED] - Object 'Object Repository/SeoContentSearchPage/destination-articles' is present

2022-07-27 16:14:56 - [TEST_STEP][PASSED] - verifyElementVisible(findTestObject("SeoContentSearchPage/destination-opinions")): Object 'Object Repository/SeoContentSearchPage/destination-opinions' is visible

2022-07-27 16:14:57 - [MESSAGE][PASSED] - Object 'Object Repository/SeoContentSearchPage/destination-opinions' is visible

2022-07-27 16:14:57 - [TEST_STEP][PASSED] - verifyElementVisible(findTestObject("SeoContentSearchPage/destination-opinions")): Object 'Object Repository/SeoContentSearchPage/destination-opinions' is visible

2022-07-27 16:14:57 - [MESSAGE][PASSED] - Object 'Object Repository/SeoContentSearchPage/destination-opinions' is visible

2022-07-27 16:14:57 - [TEST_STEP][PASSED] - comment("Nazwa kraju/miejsca"): Nazwa kraju/miejsca

2022-07-27 16:14:57 - [MESSAGE][INFO] - Nazwa kraju/miejsca

2022-07-27 16:14:57 - [TEST_STEP][PASSED] - verifyElementPresent(findTestObject("SeoContentSearchPage/destination-box__place"), 1): Object 'Object Repository/SeoContentSearchPage/destination-box__place' is present

2022-07-27 16:14:57 - [MESSAGE][PASSED] - Object 'Object Repository/SeoContentSearchPage/destination-box__place' is present

2022-07-27 16:14:57 - [TEST_STEP][PASSED] - verifyElementVisible(findTestObject("SeoContentSearchPage/destination-box__place"), STOP_ON_FAILURE): Object 'Object Repository/SeoContentSearchPage/destination-box__place' is visible

2022-07-27 16:14:57 - [MESSAGE][PASSED] - Object 'Object Repository/SeoContentSearchPage/destination-box__place' is visible

2022-07-27 16:14:57 - [TEST_STEP][PASSED] - verifyElementText(findTestObject("SeoContentSearchPage/destination-box__place"), destination): Actual text and expected text of test object 'Object Repository/SeoContentSearchPage/destination-box__place' are matched.

2022-07-27 16:14:57 - [MESSAGE][PASSED] - Actual text and expected text of test object 'Object Repository/SeoContentSearchPage/destination-box__place' are matched.

2022-07-27 16:14:57 - [TEST_STEP][PASSED] - comment("Pierwszy element akordeonu"): Pierwszy element akordeonu

2022-07-27 16:14:57 - [MESSAGE][INFO] - Pierwszy element akordeonu

2022-07-27 16:14:57 - [TEST_STEP][PASSED] - scrollToElement(findTestObject("SeoContentSearchPage/content-bluebg-section"), 1): Scroll to object 'Object Repository/SeoContentSearchPage/content-bluebg-section' successfully

2022-07-27 16:14:57 - [MESSAGE][PASSED] - Scroll to object 'Object Repository/SeoContentSearchPage/content-bluebg-section' successfully

2022-07-27 16:14:57 - [TEST_STEP][PASSED] - if (waitForElementPresent(findTestObject("Mobile Objects/SEO/akordeon-mobile/Akordeon-pierwszy-ele-mobile"), 2, OPTIONAL)): null

2022-07-27 16:14:57 - [MESSAGE][PASSED] - Object 'Object Repository/Mobile Objects/SEO/akordeon-mobile/Akordeon-pierwszy-ele-mobile' is present

2022-07-27 16:14:57 - [TEST_STEP][PASSED] - verifyElementPresent(findTestObject("Mobile Objects/SEO/akordeon-mobile/Akordeon-pierwszy-ele-mobile"), 1): Object 'Object Repository/Mobile Objects/SEO/akordeon-mobile/Akordeon-pierwszy-ele-mobile' is present

2022-07-27 16:14:57 - [MESSAGE][PASSED] - Object 'Object Repository/Mobile Objects/SEO/akordeon-mobile/Akordeon-pierwszy-ele-mobile' is present

2022-07-27 16:14:57 - [TEST_STEP][PASSED] - verifyElementVisible(findTestObject("Mobile Objects/SEO/akordeon-mobile/Akordeon-pierwszy-ele-mobile")): Object 'Object Repository/Mobile Objects/SEO/akordeon-mobile/Akordeon-pierwszy-ele-mobile' is visible

2022-07-27 16:14:57 - [MESSAGE][PASSED] - Object 'Object Repository/Mobile Objects/SEO/akordeon-mobile/Akordeon-pierwszy-ele-mobile' is visible

2022-07-27 16:14:57 - [TEST_STEP][PASSED] - click(findTestObject("SeoContentSearchPage/destination-akordeon__first-element")): Object: 'Object Repository/SeoContentSearchPage/destination-akordeon__first-element' is clicked on

2022-07-27 16:14:57 - [MESSAGE][PASSED] - Object: 'Object Repository/SeoContentSearchPage/destination-akordeon__first-element' is clicked on

2022-07-27 16:14:57 - [TEST_STEP][PASSED] - waitForElementPresent(findTestObject("SeoContentSearchPage/destination-akordeon__first-para"), 1): Object 'Object Repository/SeoContentSearchPage/destination-akordeon__first-para' is present

2022-07-27 16:14:57 - [MESSAGE][PASSED] - Object 'Object Repository/SeoContentSearchPage/destination-akordeon__first-para' is present

2022-07-27 16:14:57 - [TEST_STEP][PASSED] - verifyElementPresent(findTestObject("SeoContentSearchPage/destination-akordeon__first-para"), 1): Object 'Object Repository/SeoContentSearchPage/destination-akordeon__first-para' is present

2022-07-27 16:14:58 - [MESSAGE][PASSED] - Object 'Object Repository/SeoContentSearchPage/destination-akordeon__first-para' is present

2022-07-27 16:14:58 - [TEST_STEP][PASSED] - verifyElementVisible(findTestObject("SeoContentSearchPage/destination-akordeon__first-para"), STOP_ON_FAILURE): Object 'Object Repository/SeoContentSearchPage/destination-akordeon__first-para' is visible

2022-07-27 16:14:58 - [MESSAGE][PASSED] - Object 'Object Repository/SeoContentSearchPage/destination-akordeon__first-para' is visible

2022-07-27 16:14:58 - [TEST_STEP][PASSED] - closeBrowser(STOP_ON_FAILURE): Browser is closed

2022-07-27 16:14:58 - [MESSAGE][PASSED] - Browser is closed]]></system-out>
         <system-err><![CDATA[]]></system-err>
      </testcase>
      <system-out><![CDATA[2022-07-27 16:03:08 - [TEST_SUITE][ERROR] - Mobile test suite: Test Cases/Mobile Tests/Results/popularne-refresh-mobile FAILED.
Reason:
org.openqa.selenium.InvalidArgumentException: invalid argument
  (Session info: chrome=103.0.5060.134)
Build info: version: '3.141.59', revision: 'e82be7d358', time: '2018-11-14T08:25:53'
System info: host: 'BH-N002', ip: '192.168.1.27', os.name: 'Windows 10', os.arch: 'amd64', os.version: '10.0', java.version: '1.8.0_282'
Driver info: org.openqa.selenium.chrome.ChromeDriver
Capabilities {acceptInsecureCerts: false, browserName: chrome, browserVersion: 103.0.5060.134, chrome: {chromedriverVersion: 103.0.5060.134 (8ec6fce403b..., userDataDir: C:\Users\MKAPUS~1\AppData\L...}, goog:chromeOptions: {debuggerAddress: localhost:52951}, javascriptEnabled: true, networkConnectionEnabled: false, pageLoadStrategy: normal, platform: WINDOWS, platformName: WINDOWS, proxy: Proxy(), setWindowRect: true, strictFileInteractability: false, timeouts: {implicit: 0, pageLoad: 300000, script: 30000}, unhandledPromptBehavior: dismiss and notify, webauthn:extension:credBlob: true, webauthn:extension:largeBlob: true, webauthn:virtualAuthenticators: true}
Session ID: a9846dce0a8643e350544c8c17da3e72
	at org.openqa.selenium.remote.http.W3CHttpResponseCodec.createException(W3CHttpResponseCodec.java:187)
	at org.openqa.selenium.remote.http.W3CHttpResponseCodec.decode(W3CHttpResponseCodec.java:122)
	at org.openqa.selenium.remote.http.W3CHttpResponseCodec.decode(W3CHttpResponseCodec.java:49)
	at org.openqa.selenium.remote.HttpCommandExecutor.execute(HttpCommandExecutor.java:158)
	at org.openqa.selenium.remote.service.DriverCommandExecutor.execute(DriverCommandExecutor.java:83)
	at org.openqa.selenium.remote.RemoteWebDriver.execute(RemoteWebDriver.java:552)
	at org.openqa.selenium.remote.RemoteWebDriver.get(RemoteWebDriver.java:277)
	at org.openqa.selenium.remote.RemoteWebDriver$RemoteNavigation.to(RemoteWebDriver.java:857)
	at org.openqa.selenium.WebDriver$Navigation$to.call(Unknown Source)
	at popularne-refresh-mobile.run(popularne-refresh-mobile:38)
	at com.kms.katalon.core.main.ScriptEngine.run(ScriptEngine.java:194)
	at com.kms.katalon.core.main.ScriptEngine.runScriptAsRawText(ScriptEngine.java:119)
	at com.kms.katalon.core.main.TestCaseExecutor.runScript(TestCaseExecutor.java:445)
	at com.kms.katalon.core.main.TestCaseExecutor.doExecute(TestCaseExecutor.java:436)
	at com.kms.katalon.core.main.TestCaseExecutor.processExecutionPhase(TestCaseExecutor.java:415)
	at com.kms.katalon.core.main.TestCaseExecutor.accessMainPhase(TestCaseExecutor.java:407)
	at com.kms.katalon.core.main.TestCaseExecutor.execute(TestCaseExecutor.java:284)
	at com.kms.katalon.core.common.CommonExecutor.accessTestCaseMainPhase(CommonExecutor.java:65)
	at com.kms.katalon.core.main.TestSuiteExecutor.accessTestSuiteMainPhase(TestSuiteExecutor.java:144)
	at com.kms.katalon.core.main.TestSuiteExecutor.execute(TestSuiteExecutor.java:106)
	at com.kms.katalon.core.main.TestCaseMain.startTestSuite(TestCaseMain.java:185)
	at com.kms.katalon.core.main.TestCaseMain$startTestSuite$0.call(Unknown Source)
	at TempTestSuite1658930586090.run(TempTestSuite1658930586090.groovy:36)]]></system-out>
      <system-err><![CDATA[2022-07-27 16:03:08 - [TEST_SUITE][ERROR] - Mobile test suite: Test Cases/Mobile Tests/Results/popularne-refresh-mobile FAILED.
Reason:
org.openqa.selenium.InvalidArgumentException: invalid argument
  (Session info: chrome=103.0.5060.134)
Build info: version: '3.141.59', revision: 'e82be7d358', time: '2018-11-14T08:25:53'
System info: host: 'BH-N002', ip: '192.168.1.27', os.name: 'Windows 10', os.arch: 'amd64', os.version: '10.0', java.version: '1.8.0_282'
Driver info: org.openqa.selenium.chrome.ChromeDriver
Capabilities {acceptInsecureCerts: false, browserName: chrome, browserVersion: 103.0.5060.134, chrome: {chromedriverVersion: 103.0.5060.134 (8ec6fce403b..., userDataDir: C:\Users\MKAPUS~1\AppData\L...}, goog:chromeOptions: {debuggerAddress: localhost:52951}, javascriptEnabled: true, networkConnectionEnabled: false, pageLoadStrategy: normal, platform: WINDOWS, platformName: WINDOWS, proxy: Proxy(), setWindowRect: true, strictFileInteractability: false, timeouts: {implicit: 0, pageLoad: 300000, script: 30000}, unhandledPromptBehavior: dismiss and notify, webauthn:extension:credBlob: true, webauthn:extension:largeBlob: true, webauthn:virtualAuthenticators: true}
Session ID: a9846dce0a8643e350544c8c17da3e72
	at org.openqa.selenium.remote.http.W3CHttpResponseCodec.createException(W3CHttpResponseCodec.java:187)
	at org.openqa.selenium.remote.http.W3CHttpResponseCodec.decode(W3CHttpResponseCodec.java:122)
	at org.openqa.selenium.remote.http.W3CHttpResponseCodec.decode(W3CHttpResponseCodec.java:49)
	at org.openqa.selenium.remote.HttpCommandExecutor.execute(HttpCommandExecutor.java:158)
	at org.openqa.selenium.remote.service.DriverCommandExecutor.execute(DriverCommandExecutor.java:83)
	at org.openqa.selenium.remote.RemoteWebDriver.execute(RemoteWebDriver.java:552)
	at org.openqa.selenium.remote.RemoteWebDriver.get(RemoteWebDriver.java:277)
	at org.openqa.selenium.remote.RemoteWebDriver$RemoteNavigation.to(RemoteWebDriver.java:857)
	at org.openqa.selenium.WebDriver$Navigation$to.call(Unknown Source)
	at popularne-refresh-mobile.run(popularne-refresh-mobile:38)
	at com.kms.katalon.core.main.ScriptEngine.run(ScriptEngine.java:194)
	at com.kms.katalon.core.main.ScriptEngine.runScriptAsRawText(ScriptEngine.java:119)
	at com.kms.katalon.core.main.TestCaseExecutor.runScript(TestCaseExecutor.java:445)
	at com.kms.katalon.core.main.TestCaseExecutor.doExecute(TestCaseExecutor.java:436)
	at com.kms.katalon.core.main.TestCaseExecutor.processExecutionPhase(TestCaseExecutor.java:415)
	at com.kms.katalon.core.main.TestCaseExecutor.accessMainPhase(TestCaseExecutor.java:407)
	at com.kms.katalon.core.main.TestCaseExecutor.execute(TestCaseExecutor.java:284)
	at com.kms.katalon.core.common.CommonExecutor.accessTestCaseMainPhase(CommonExecutor.java:65)
	at com.kms.katalon.core.main.TestSuiteExecutor.accessTestSuiteMainPhase(TestSuiteExecutor.java:144)
	at com.kms.katalon.core.main.TestSuiteExecutor.execute(TestSuiteExecutor.java:106)
	at com.kms.katalon.core.main.TestCaseMain.startTestSuite(TestCaseMain.java:185)
	at com.kms.katalon.core.main.TestCaseMain$startTestSuite$0.call(Unknown Source)
	at TempTestSuite1658930586090.run(TempTestSuite1658930586090.groovy:36)]]></system-err>
   </testsuite>
</testsuites>
